In file included from Type/Type.cxx:2:
Type/../Interp/Interpreter.hxx:730:116: error: no member named 'first' in 'std::tuple<expr::Name, std::shared_ptr<type::Type>, std::variant<long, double, bool, std::string, expr::Closure, ClassValue, expr::Union, NameSpace, std::pair<ClassValue, std::shared_ptr<Dict>>, std::variant<const expr::Num *, const expr::Bool *, const expr::String *, const expr::Name *, const expr::List *, const expr::Map *, const expr::Expansion *, const expr::UnaryFold *, const expr::SeparatedUnaryFold *, const expr::BinaryFold *, const expr::Assignment *, const expr::Class *, const expr::Union *, const expr::Match *, const expr::Loop *, const expr::Break *, const expr::Continue *, const expr::Access *, const expr::Namespace *, const expr::Use *, const expr::SpaceAccess *, const expr::Grouping *, const expr::UnaryOp *, const expr::BinOp *, const expr::PostOp *, const expr::CircumOp *, const expr::OpCall *, const expr::Call *, const expr::Closure *, const expr::Block *, const expr::Prefix *, const expr::Infix *, const expr::Suffix *, const expr::Exfix *, const expr::Operator *>, std::shared_ptr<Elements>, ListValue>>'
  730 |         const auto& found = std::ranges::find_if(obj.second->members, [&name] (const auto& member) { return member.first.stringify() == name; });
      |                                                                                                             ~~~~~~ ^
/Applications/Xcode.app/Contents/Developer/Platforms/MacOSX.platform/Developer/SDKs/MacOSX.sdk/usr/include/c++/v1/__type_traits/invoke.h:341:10: note: in instantiation of function template specialization 'Visitor::objectAccess(const Object &, const std::string &)::(anonymous class)::operator()<std::tuple<expr::Name, std::shared_ptr<type::Type>, std::variant<long, double, bool, std::string, expr::Closure, ClassValue, expr::Union, NameSpace, std::pair<ClassValue, std::shared_ptr<Dict>>, std::variant<const expr::Num *, const expr::Bool *, const expr::String *, const expr::Name *, const expr::List *, const expr::Map *, const expr::Expansion *, const expr::UnaryFold *, const expr::SeparatedUnaryFold *, const expr::BinaryFold *, const expr::Assignment *, const expr::Class *, const expr::Union *, const expr::Match *, const expr::Loop *, const expr::Break *, const expr::Continue *, const expr::Access *, const expr::Namespace *, const expr::Use *, const expr::SpaceAccess *, const expr::Grouping *, const expr::UnaryOp *, const expr::BinOp *, const expr::PostOp *, const expr::CircumOp *, const expr::OpCall *, const expr::Call *, const expr::Closure *, const expr::Block *, const expr::Prefix *, const expr::Infix *, const expr::Suffix *, const expr::Exfix *, const expr::Operator *>, std::shared_ptr<Elements>, ListValue>>>' requested here
  341 | decltype(std::declval<_Fp>()(std::declval<_Args>()...))
      |          ^
/Applications/Xcode.app/Contents/Developer/Platforms/MacOSX.platform/Developer/SDKs/MacOSX.sdk/usr/include/c++/v1/__type_traits/invoke.h:351:19: note: while substituting deduced template arguments into function template '__invoke' [with _Fp = (lambda at Type/../Interp/Interpreter.hxx:730:71) &, _Args = <std::tuple<expr::Name, std::shared_ptr<type::Type>, std::variant<long, double, bool, std::string, expr::Closure, ClassValue, expr::Union, NameSpace, std::pair<ClassValue, std::shared_ptr<Dict>>, std::variant<const expr::Num *, const expr::Bool *, const expr::String *, const expr::Name *, const expr::List *, const expr::Map *, const expr::Expansion *, const expr::UnaryFold *, const expr::SeparatedUnaryFold *, const expr::BinaryFold *, const expr::Assignment *, const expr::Class *, const expr::Union *, const expr::Match *, const expr::Loop *, const expr::Break *, const expr::Continue *, const expr::Access *, const expr::Namespace *, const expr::Use *, const expr::SpaceAccess *, const expr::Grouping *, const expr::UnaryOp *, const expr::BinOp *, const expr::PostOp *, const expr::CircumOp *, const expr::OpCall *, const expr::Call *, const expr::Closure *, const expr::Block *, const expr::Prefix *, const expr::Infix *, const expr::Suffix *, const expr::Exfix *, const expr::Operator *>, std::shared_ptr<Elements>, ListValue>> &>]
  351 |   static decltype(std::__invoke(std::declval<_XFp>(), std::declval<_XArgs>()...)) __try_call(int);
      |                   ^
/Applications/Xcode.app/Contents/Developer/Platforms/MacOSX.platform/Developer/SDKs/MacOSX.sdk/usr/include/c++/v1/__type_traits/invoke.h:357:28: note: while substituting deduced template arguments into function template '__try_call' [with _XFp = (lambda at Type/../Interp/Interpreter.hxx:730:71) &, _XArgs = (no value)]
  357 |   using _Result = decltype(__try_call<_Fp, _Args...>(0));
      |                            ^
/Applications/Xcode.app/Contents/Developer/Platforms/MacOSX.platform/Developer/SDKs/MacOSX.sdk/usr/include/c++/v1/__type_traits/invoke.h:405:24: note: in instantiation of template class 'std::__invokable_r<void, (lambda at Type/../Interp/Interpreter.hxx:730:71) &, std::tuple<expr::Name, std::shared_ptr<type::Type>, std::variant<long, double, bool, std::string, expr::Closure, ClassValue, expr::Union, NameSpace, std::pair<ClassValue, std::shared_ptr<Dict>>, std::variant<const expr::Num *, const expr::Bool *, const expr::String *, const expr::Name *, const expr::List *, const expr::Map *, const expr::Expansion *, const expr::UnaryFold *, const expr::SeparatedUnaryFold *, const expr::BinaryFold *, const expr::Assignment *, const expr::Class *, const expr::Union *, const expr::Match *, const expr::Loop *, const expr::Break *, const expr::Continue *, const expr::Access *, const expr::Namespace *, const expr::Use *, const expr::SpaceAccess *, const expr::Grouping *, const expr::UnaryOp *, const expr::BinOp *, const expr::PostOp *, const expr::CircumOp *, const expr::OpCall *, const expr::Call *, const expr::Closure *, const expr::Block *, const expr::Prefix *, const expr::Infix *, const expr::Suffix *, const expr::Exfix *, const expr::Operator *>, std::shared_ptr<Elements>, ListValue>> &>' requested here
  405 |     : public enable_if<__invokable<_Fp, _Args...>::value, typename __invokable_r<void, _Fp, _Args...>::_Result> {};
      |                        ^
/Applications/Xcode.app/Contents/Developer/Platforms/MacOSX.platform/Developer/SDKs/MacOSX.sdk/usr/include/c++/v1/__type_traits/invoke.h:456:45: note: in instantiation of template class 'std::__invoke_of<(lambda at Type/../Interp/Interpreter.hxx:730:71) &, std::tuple<expr::Name, std::shared_ptr<type::Type>, std::variant<long, double, bool, std::string, expr::Closure, ClassValue, expr::Union, NameSpace, std::pair<ClassValue, std::shared_ptr<Dict>>, std::variant<const expr::Num *, const expr::Bool *, const expr::String *, const expr::Name *, const expr::List *, const expr::Map *, const expr::Expansion *, const expr::UnaryFold *, const expr::SeparatedUnaryFold *, const expr::BinaryFold *, const expr::Assignment *, const expr::Class *, const expr::Union *, const expr::Match *, const expr::Loop *, const expr::Break *, const expr::Continue *, const expr::Access *, const expr::Namespace *, const expr::Use *, const expr::SpaceAccess *, const expr::Grouping *, const expr::UnaryOp *, const expr::BinOp *, const expr::PostOp *, const expr::CircumOp *, const expr::OpCall *, const expr::Call *, const expr::Closure *, const expr::Block *, const expr::Prefix *, const expr::Infix *, const expr::Suffix *, const expr::Exfix *, const expr::Operator *>, std::shared_ptr<Elements>, ListValue>> &>' requested here
  456 | struct _LIBCPP_TEMPLATE_VIS invoke_result : __invoke_of<_Fn, _Args...> {};
      |                                             ^
/Applications/Xcode.app/Contents/Developer/Platforms/MacOSX.platform/Developer/SDKs/MacOSX.sdk/usr/include/c++/v1/__type_traits/invoke.h:459:1: note: (skipping 10 contexts in backtrace; use -ftemplate-backtrace-limit=0 to see all)
  459 | using invoke_result_t = typename invoke_result<_Fn, _Args...>::type;
      | ^
/Applications/Xcode.app/Contents/Developer/Platforms/MacOSX.platform/Developer/SDKs/MacOSX.sdk/usr/include/c++/v1/__iterator/concepts.h:191:60: note: while substituting template arguments into constraint expression here
  191 |     indirectly_readable<_It> && copy_constructible<_Fp> && predicate<_Fp&, iter_value_t<_It>&> &&
      |                                                            ^~~~~~~~~~~~~~~~~~~~~~~~~~~~~~~~~~~
/Applications/Xcode.app/Contents/Developer/Platforms/MacOSX.platform/Developer/SDKs/MacOSX.sdk/usr/include/c++/v1/__algorithm/ranges_find_if.h:56:54: note: while checking the satisfaction of concept 'indirect_unary_predicate<(lambda at Type/../Interp/Interpreter.hxx:730:71), std::__projected_impl<std::__wrap_iter<std::tuple<expr::Name, std::shared_ptr<type::Type>, std::variant<long, double, bool, std::string, expr::Closure, ClassValue, expr::Union, NameSpace, std::pair<ClassValue, std::shared_ptr<Dict>>, std::variant<const expr::Num *, const expr::Bool *, const expr::String *, const expr::Name *, const expr::List *, const expr::Map *, const expr::Expansion *, const expr::UnaryFold *, const expr::SeparatedUnaryFold *, const expr::BinaryFold *, const expr::Assignment *, const expr::Class *, const expr::Union *, const expr::Match *, const expr::Loop *, const expr::Break *, const expr::Continue *, const expr::Access *, const expr::Namespace *, const expr::Use *, const expr::SpaceAccess *, const expr::Grouping *, const expr::UnaryOp *, const expr::BinOp *, const expr::PostOp *, const expr::CircumOp *, const expr::OpCall *, const expr::Call *, const expr::Closure *, const expr::Block *, const expr::Prefix *, const expr::Infix *, const expr::Suffix *, const expr::Exfix *, const expr::Operator *>, std::shared_ptr<Elements>, ListValue>> *>, std::identity>::__type>' requested here
   56 |   template <input_range _Rp, class _Proj = identity, indirect_unary_predicate<projected<iterator_t<_Rp>, _Proj>> _Pred>
      |                                                      ^~~~~~~~~~~~~~~~~~~~~~~~~~~~~~~~~~~~~~~~~~~~~~~~~~~~~~~~~~~
/Applications/Xcode.app/Contents/Developer/Platforms/MacOSX.platform/Developer/SDKs/MacOSX.sdk/usr/include/c++/v1/__algorithm/ranges_find_if.h:56:54: note: while substituting template arguments into constraint expression here
   56 |   template <input_range _Rp, class _Proj = identity, indirect_unary_predicate<projected<iterator_t<_Rp>, _Proj>> _Pred>
      |                                                      ^~~~~~~~~~~~~~~~~~~~~~~~~~~~~~~~~~~~~~~~~~~~~~~~~~~~~~~~~~~
Type/../Interp/Interpreter.hxx:730:49: note: while checking constraint satisfaction for template 'operator()<std::vector<std::tuple<expr::Name, std::shared_ptr<type::Type>, std::variant<long, double, bool, std::string, expr::Closure, ClassValue, expr::Union, NameSpace, std::pair<ClassValue, std::shared_ptr<Dict>>, std::variant<const expr::Num *, const expr::Bool *, const expr::String *, const expr::Name *, const expr::List *, const expr::Map *, const expr::Expansion *, const expr::UnaryFold *, const expr::SeparatedUnaryFold *, const expr::BinaryFold *, const expr::Assignment *, const expr::Class *, const expr::Union *, const expr::Match *, const expr::Loop *, const expr::Break *, const expr::Continue *, const expr::Access *, const expr::Namespace *, const expr::Use *, const expr::SpaceAccess *, const expr::Grouping *, const expr::UnaryOp *, const expr::BinOp *, const expr::PostOp *, const expr::CircumOp *, const expr::OpCall *, const expr::Call *, const expr::Closure *, const expr::Block *, const expr::Prefix *, const expr::Infix *, const expr::Suffix *, const expr::Exfix *, const expr::Operator *>, std::shared_ptr<Elements>, ListValue>>> &, std::identity, (lambda at Type/../Interp/Interpreter.hxx:730:71)>' required here
  730 |         const auto& found = std::ranges::find_if(obj.second->members, [&name] (const auto& member) { return member.first.stringify() == name; });
      |                                                 ^
Type/../Interp/Interpreter.hxx:730:49: note: in instantiation of function template specialization 'std::ranges::__find_if::__fn::operator()<std::vector<std::tuple<expr::Name, std::shared_ptr<type::Type>, std::variant<long, double, bool, std::string, expr::Closure, ClassValue, expr::Union, NameSpace, std::pair<ClassValue, std::shared_ptr<Dict>>, std::variant<const expr::Num *, const expr::Bool *, const expr::String *, const expr::Name *, const expr::List *, const expr::Map *, const expr::Expansion *, const expr::UnaryFold *, const expr::SeparatedUnaryFold *, const expr::BinaryFold *, const expr::Assignment *, const expr::Class *, const expr::Union *, const expr::Match *, const expr::Loop *, const expr::Break *, const expr::Continue *, const expr::Access *, const expr::Namespace *, const expr::Use *, const expr::SpaceAccess *, const expr::Grouping *, const expr::UnaryOp *, const expr::BinOp *, const expr::PostOp *, const expr::CircumOp *, const expr::OpCall *, const expr::Call *, const expr::Closure *, const expr::Block *, const expr::Prefix *, const expr::Infix *, const expr::Suffix *, const expr::Exfix *, const expr::Operator *>, std::shared_ptr<Elements>, ListValue>>> &, std::identity, (lambda at Type/../Interp/Interpreter.hxx:730:71)>' requested here
Type/../Interp/Interpreter.hxx:730:29: error: no matching function for call to object of type 'const __find_if::__fn'
  730 |         const auto& found = std::ranges::find_if(obj.second->members, [&name] (const auto& member) { return member.first.stringify() == name; });
      |                             ^~~~~~~~~~~~~~~~~~~~
/Applications/Xcode.app/Contents/Developer/Platforms/MacOSX.platform/Developer/SDKs/MacOSX.sdk/usr/include/c++/v1/__algorithm/ranges_find_if.h:58:3: note: candidate template ignored: constraints not satisfied [with _Rp = std::vector<std::tuple<expr::Name, type::TypePtr, Value>> &, _Proj = identity, _Pred = (lambda at Type/../Interp/Interpreter.hxx:730:71)]
   58 |   operator()(_Rp&& __r, _Pred __pred, _Proj __proj = {}) const {
      |   ^
/Applications/Xcode.app/Contents/Developer/Platforms/MacOSX.platform/Developer/SDKs/MacOSX.sdk/usr/include/c++/v1/__algorithm/ranges_find_if.h:56:54: note: because 'indirect_unary_predicate<(lambda at Type/../Interp/Interpreter.hxx:730:71), projected<iterator_t<vector<tuple<Name, shared_ptr<Type>, variant<long, double, _Bool, string, Closure, ClassValue, Union, NameSpace, pair<ClassValue, shared_ptr<Dict> >, variant<const Num *, const Bool *, const String *, const Name *, const List *, const Map *, const Expansion *, const UnaryFold *, const SeparatedUnaryFold *, const BinaryFold *, const Assignment *, const Class *, const Union *, const Match *, const Loop *, const Break *, const Continue *, const Access *, const Namespace *, const Use *, const SpaceAccess *, const Grouping *, const UnaryOp *, const BinOp *, const PostOp *, const CircumOp *, const OpCall *, const Call *, const Closure *, const Block *, const Prefix *, const Infix *, const Suffix *, const Exfix *, const Operator *>, shared_ptr<Elements>, ListValue> >, allocator<tuple<Name, shared_ptr<Type>, variant<long, double, _Bool, string, Closure, ClassValue, Union, NameSpace, pair<ClassValue, shared_ptr<Dict> >, variant<const Num *, const Bool *, const String *, const Name *, const List *, const Map *, const Expansion *, const UnaryFold *, const SeparatedUnaryFold *, const BinaryFold *, const Assignment *, const Class *, const Union *, const Match *, const Loop *, const Break *, const Continue *, const Access *, const Namespace *, const Use *, const SpaceAccess *, const Grouping *, const UnaryOp *, const BinOp *, const PostOp *, const CircumOp *, const OpCall *, const Call *, const Closure *, const Block *, const Prefix *, const Infix *, const Suffix *, const Exfix *, const Operator *>, shared_ptr<Elements>, ListValue> > > > &>, identity> >' evaluated to false
   56 |   template <input_range _Rp, class _Proj = identity, indirect_unary_predicate<projected<iterator_t<_Rp>, _Proj>> _Pred>
      |                                                      ^
/Applications/Xcode.app/Contents/Developer/Platforms/MacOSX.platform/Developer/SDKs/MacOSX.sdk/usr/include/c++/v1/__iterator/concepts.h:191:60: note: because 'predicate<(lambda at Type/../Interp/Interpreter.hxx:730:71) &, iter_value_t<__type> &>' evaluated to false
  191 |     indirectly_readable<_It> && copy_constructible<_Fp> && predicate<_Fp&, iter_value_t<_It>&> &&
      |                                                            ^
/Applications/Xcode.app/Contents/Developer/Platforms/MacOSX.platform/Developer/SDKs/MacOSX.sdk/usr/include/c++/v1/__concepts/predicate.h:28:21: note: because 'regular_invocable<(lambda at Type/../Interp/Interpreter.hxx:730:71) &, std::tuple<expr::Name, std::shared_ptr<type::Type>, std::variant<long, double, _Bool, std::string, expr::Closure, ClassValue, expr::Union, NameSpace, std::pair<ClassValue, std::shared_ptr<Dict> >, std::variant<const expr::Num *, const expr::Bool *, const expr::String *, const expr::Name *, const expr::List *, const expr::Map *, const expr::Expansion *, const expr::UnaryFold *, const expr::SeparatedUnaryFold *, const expr::BinaryFold *, const expr::Assignment *, const expr::Class *, const expr::Union *, const expr::Match *, const expr::Loop *, const expr::Break *, const expr::Continue *, const expr::Access *, const expr::Namespace *, const expr::Use *, const expr::SpaceAccess *, const expr::Grouping *, const expr::UnaryOp *, const expr::BinOp *, const expr::PostOp *, const expr::CircumOp *, const expr::OpCall *, const expr::Call *, const expr::Closure *, const expr::Block *, const expr::Prefix *, const expr::Infix *, const expr::Suffix *, const expr::Exfix *, const expr::Operator *>, std::shared_ptr<Elements>, ListValue> > &>' evaluated to false
   28 | concept predicate = regular_invocable<_Fn, _Args...> && __boolean_testable<invoke_result_t<_Fn, _Args...>>;
      |                     ^
/Applications/Xcode.app/Contents/Developer/Platforms/MacOSX.platform/Developer/SDKs/MacOSX.sdk/usr/include/c++/v1/__concepts/invocable.h:34:29: note: because 'invocable<(lambda at Type/../Interp/Interpreter.hxx:730:71) &, std::tuple<expr::Name, std::shared_ptr<type::Type>, std::variant<long, double, _Bool, std::string, expr::Closure, ClassValue, expr::Union, NameSpace, std::pair<ClassValue, std::shared_ptr<Dict> >, std::variant<const expr::Num *, const expr::Bool *, const expr::String *, const expr::Name *, const expr::List *, const expr::Map *, const expr::Expansion *, const expr::UnaryFold *, const expr::SeparatedUnaryFold *, const expr::BinaryFold *, const expr::Assignment *, const expr::Class *, const expr::Union *, const expr::Match *, const expr::Loop *, const expr::Break *, const expr::Continue *, const expr::Access *, const expr::Namespace *, const expr::Use *, const expr::SpaceAccess *, const expr::Grouping *, const expr::UnaryOp *, const expr::BinOp *, const expr::PostOp *, const expr::CircumOp *, const expr::OpCall *, const expr::Call *, const expr::Closure *, const expr::Block *, const expr::Prefix *, const expr::Infix *, const expr::Suffix *, const expr::Exfix *, const expr::Operator *>, std::shared_ptr<Elements>, ListValue> > &>' evaluated to false
   34 | concept regular_invocable = invocable<_Fn, _Args...>;
      |                             ^
/Applications/Xcode.app/Contents/Developer/Platforms/MacOSX.platform/Developer/SDKs/MacOSX.sdk/usr/include/c++/v1/__concepts/invocable.h:28:3: note: because 'std::invoke(std::forward<_Fn>(__fn), std::forward<_Args>(__args)...)' would be invalid: no matching function for call to 'invoke'
   28 |   std::invoke(std::forward<_Fn>(__fn), std::forward<_Args>(__args)...); // not required to be equality preserving
      |   ^
/Applications/Xcode.app/Contents/Developer/Platforms/MacOSX.platform/Developer/SDKs/MacOSX.sdk/usr/include/c++/v1/__algorithm/ranges_find_if.h:52:3: note: candidate function template not viable: requires at least 3 arguments, but 2 were provided
   52 |   operator()(_Ip __first, _Sp __last, _Pred __pred, _Proj __proj = {}) const {
      |   ^          ~~~~~~~~~~~~~~~~~~~~~~~~~~~~~~~~~~~~~~~~~~~~~~~~~~~~~~~~
In file included from Type/Type.cxx:2:
Type/../Interp/Interpreter.hxx:788:21: error: no matching member function for call to 'push_back'
  788 |             members.push_back({{name, std::move(type)}, std::move(value)});
      |             ~~~~~~~~^~~~~~~~~
/Applications/Xcode.app/Contents/Developer/Platforms/MacOSX.platform/Developer/SDKs/MacOSX.sdk/usr/include/c++/v1/vector:637:60: note: candidate function not viable: cannot convert initializer list argument to 'const value_type' (aka 'const std::pair<expr::Name, std::variant<long, double, bool, std::string, expr::Closure, ClassValue, expr::Union, NameSpace, std::pair<ClassValue, std::shared_ptr<Dict>>, std::variant<const expr::Num *, const expr::Bool *, const expr::String *, const expr::Name *, const expr::List *, const expr::Map *, const expr::Expansion *, const expr::UnaryFold *, const expr::SeparatedUnaryFold *, const expr::BinaryFold *, const expr::Assignment *, const expr::Class *, const expr::Union *, const expr::Match *, const expr::Loop *, const expr::Break *, const expr::Continue *, const expr::Access *, const expr::Namespace *, const expr::Use *, const expr::SpaceAccess *, const expr::Grouping *, const expr::UnaryOp *, const expr::BinOp *, const expr::PostOp *, const expr::CircumOp *, const expr::OpCall *, const expr::Call *, const expr::Closure *, const expr::Block *, const expr::Prefix *, const expr::Infix *, const expr::Suffix *, const expr::Exfix *, const expr::Operator *>, std::shared_ptr<Elements>, ListValue>>')
  637 |   _LIBCPP_CONSTEXPR_SINCE_CXX20 _LIBCPP_HIDE_FROM_ABI void push_back(const_reference __x);
      |                                                            ^         ~~~~~~~~~~~~~~~~~~~
/Applications/Xcode.app/Contents/Developer/Platforms/MacOSX.platform/Developer/SDKs/MacOSX.sdk/usr/include/c++/v1/vector:639:60: note: candidate function not viable: cannot convert initializer list argument to 'value_type' (aka 'std::pair<expr::Name, std::variant<long, double, bool, std::string, expr::Closure, ClassValue, expr::Union, NameSpace, std::pair<ClassValue, std::shared_ptr<Dict>>, std::variant<const expr::Num *, const expr::Bool *, const expr::String *, const expr::Name *, const expr::List *, const expr::Map *, const expr::Expansion *, const expr::UnaryFold *, const expr::SeparatedUnaryFold *, const expr::BinaryFold *, const expr::Assignment *, const expr::Class *, const expr::Union *, const expr::Match *, const expr::Loop *, const expr::Break *, const expr::Continue *, const expr::Access *, const expr::Namespace *, const expr::Use *, const expr::SpaceAccess *, const expr::Grouping *, const expr::UnaryOp *, const expr::BinOp *, const expr::PostOp *, const expr::CircumOp *, const expr::OpCall *, const expr::Call *, const expr::Closure *, const expr::Block *, const expr::Prefix *, const expr::Infix *, const expr::Suffix *, const expr::Exfix *, const expr::Operator *>, std::shared_ptr<Elements>, ListValue>>')
  639 |   _LIBCPP_CONSTEXPR_SINCE_CXX20 _LIBCPP_HIDE_FROM_ABI void push_back(value_type&& __x);
      |                                                            ^         ~~~~~~~~~~~~~~~~
In file included from Type/Type.cxx:2:
Type/../Interp/Interpreter.hxx:805:26: error: type 'std::tuple<expr::Name, std::shared_ptr<type::Type>, std::variant<long, double, bool, std::string, expr::Closure, ClassValue, expr::Union, NameSpace, std::pair<ClassValue, std::shared_ptr<Dict>>, std::variant<const expr::Num *, const expr::Bool *, const expr::String *, const expr::Name *, const expr::List *, const expr::Map *, const expr::Expansion *, const expr::UnaryFold *, const expr::SeparatedUnaryFold *, const expr::BinaryFold *, const expr::Assignment *, const expr::Class *, const expr::Union *, const expr::Match *, const expr::Loop *, const expr::Break *, const expr::Continue *, const expr::Access *, const expr::Namespace *, const expr::Use *, const expr::SpaceAccess *, const expr::Grouping *, const expr::UnaryOp *, const expr::BinOp *, const expr::PostOp *, const expr::CircumOp *, const expr::OpCall *, const expr::Call *, const expr::Closure *, const expr::Block *, const expr::Prefix *, const expr::Infix *, const expr::Suffix *, const expr::Exfix *, const expr::Operator *>, std::shared_ptr<Elements>, ListValue>> const' decomposes into 3 elements, but only 2 names were provided
  805 |         for (const auto& [decl, value] : space.members->members)
      |                          ^
/Applications/Xcode.app/Contents/Developer/Platforms/MacOSX.platform/Developer/SDKs/MacOSX.sdk/usr/include/c++/v1/vector:569:64: note: selected 'begin' function with iterator type 'iterator' (aka '__wrap_iter<std::tuple<expr::Name, std::shared_ptr<type::Type>, std::variant<long, double, bool, std::string, expr::Closure, ClassValue, expr::Union, NameSpace, std::pair<ClassValue, std::shared_ptr<Dict>>, std::variant<const expr::Num *, const expr::Bool *, const expr::String *, const expr::Name *, const expr::List *, const expr::Map *, const expr::Expansion *, const expr::UnaryFold *, const expr::SeparatedUnaryFold *, const expr::BinaryFold *, const expr::Assignment *, const expr::Class *, const expr::Union *, const expr::Match *, const expr::Loop *, const expr::Break *, const expr::Continue *, const expr::Access *, const expr::Namespace *, const expr::Use *, const expr::SpaceAccess *, const expr::Grouping *, const expr::UnaryOp *, const expr::BinOp *, const expr::PostOp *, const expr::CircumOp *, const expr::OpCall *, const expr::Call *, const expr::Closure *, const expr::Block *, const expr::Prefix *, const expr::Infix *, const expr::Suffix *, const expr::Exfix *, const expr::Operator *>, std::shared_ptr<Elements>, ListValue>> *>')
  569 |   _LIBCPP_CONSTEXPR_SINCE_CXX20 _LIBCPP_HIDE_FROM_ABI iterator begin() _NOEXCEPT;
      |                                                                ^
In file included from Type/Type.cxx:2:
Type/../Interp/Interpreter.hxx:847:129: error: no member named 'first' in 'std::tuple<expr::Name, std::shared_ptr<type::Type>, std::variant<long, double, bool, std::string, expr::Closure, ClassValue, expr::Union, NameSpace, std::pair<ClassValue, std::shared_ptr<Dict>>, std::variant<const expr::Num *, const expr::Bool *, const expr::String *, const expr::Name *, const expr::List *, const expr::Map *, const expr::Expansion *, const expr::UnaryFold *, const expr::SeparatedUnaryFold *, const expr::BinaryFold *, const expr::Assignment *, const expr::Class *, const expr::Union *, const expr::Match *, const expr::Loop *, const expr::Break *, const expr::Continue *, const expr::Access *, const expr::Namespace *, const expr::Use *, const expr::SpaceAccess *, const expr::Grouping *, const expr::UnaryOp *, const expr::BinOp *, const expr::PostOp *, const expr::CircumOp *, const expr::OpCall *, const expr::Call *, const expr::Closure *, const expr::Block *, const expr::Prefix *, const expr::Infix *, const expr::Suffix *, const expr::Exfix *, const expr::Operator *>, std::shared_ptr<Elements>, ListValue>>'
  847 |         const auto& found = std::ranges::find_if(ns.members->members, [&name = sa->member] (const auto& member) { return member.first.stringify() == name; });
      |                                                                                                                          ~~~~~~ ^
/Applications/Xcode.app/Contents/Developer/Platforms/MacOSX.platform/Developer/SDKs/MacOSX.sdk/usr/include/c++/v1/__type_traits/invoke.h:341:10: note: in instantiation of function template specialization 'Visitor::operator()(const expr::SpaceAccess *)::(anonymous class)::operator()<std::tuple<expr::Name, std::shared_ptr<type::Type>, std::variant<long, double, bool, std::string, expr::Closure, ClassValue, expr::Union, NameSpace, std::pair<ClassValue, std::shared_ptr<Dict>>, std::variant<const expr::Num *, const expr::Bool *, const expr::String *, const expr::Name *, const expr::List *, const expr::Map *, const expr::Expansion *, const expr::UnaryFold *, const expr::SeparatedUnaryFold *, const expr::BinaryFold *, const expr::Assignment *, const expr::Class *, const expr::Union *, const expr::Match *, const expr::Loop *, const expr::Break *, const expr::Continue *, const expr::Access *, const expr::Namespace *, const expr::Use *, const expr::SpaceAccess *, const expr::Grouping *, const expr::UnaryOp *, const expr::BinOp *, const expr::PostOp *, const expr::CircumOp *, const expr::OpCall *, const expr::Call *, const expr::Closure *, const expr::Block *, const expr::Prefix *, const expr::Infix *, const expr::Suffix *, const expr::Exfix *, const expr::Operator *>, std::shared_ptr<Elements>, ListValue>>>' requested here
  341 | decltype(std::declval<_Fp>()(std::declval<_Args>()...))
      |          ^
/Applications/Xcode.app/Contents/Developer/Platforms/MacOSX.platform/Developer/SDKs/MacOSX.sdk/usr/include/c++/v1/__type_traits/invoke.h:351:19: note: while substituting deduced template arguments into function template '__invoke' [with _Fp = (lambda at Type/../Interp/Interpreter.hxx:847:71) &, _Args = <std::tuple<expr::Name, std::shared_ptr<type::Type>, std::variant<long, double, bool, std::string, expr::Closure, ClassValue, expr::Union, NameSpace, std::pair<ClassValue, std::shared_ptr<Dict>>, std::variant<const expr::Num *, const expr::Bool *, const expr::String *, const expr::Name *, const expr::List *, const expr::Map *, const expr::Expansion *, const expr::UnaryFold *, const expr::SeparatedUnaryFold *, const expr::BinaryFold *, const expr::Assignment *, const expr::Class *, const expr::Union *, const expr::Match *, const expr::Loop *, const expr::Break *, const expr::Continue *, const expr::Access *, const expr::Namespace *, const expr::Use *, const expr::SpaceAccess *, const expr::Grouping *, const expr::UnaryOp *, const expr::BinOp *, const expr::PostOp *, const expr::CircumOp *, const expr::OpCall *, const expr::Call *, const expr::Closure *, const expr::Block *, const expr::Prefix *, const expr::Infix *, const expr::Suffix *, const expr::Exfix *, const expr::Operator *>, std::shared_ptr<Elements>, ListValue>> &>]
  351 |   static decltype(std::__invoke(std::declval<_XFp>(), std::declval<_XArgs>()...)) __try_call(int);
      |                   ^
/Applications/Xcode.app/Contents/Developer/Platforms/MacOSX.platform/Developer/SDKs/MacOSX.sdk/usr/include/c++/v1/__type_traits/invoke.h:357:28: note: while substituting deduced template arguments into function template '__try_call' [with _XFp = (lambda at Type/../Interp/Interpreter.hxx:847:71) &, _XArgs = (no value)]
  357 |   using _Result = decltype(__try_call<_Fp, _Args...>(0));
      |                            ^
/Applications/Xcode.app/Contents/Developer/Platforms/MacOSX.platform/Developer/SDKs/MacOSX.sdk/usr/include/c++/v1/__type_traits/invoke.h:405:24: note: in instantiation of template class 'std::__invokable_r<void, (lambda at Type/../Interp/Interpreter.hxx:847:71) &, std::tuple<expr::Name, std::shared_ptr<type::Type>, std::variant<long, double, bool, std::string, expr::Closure, ClassValue, expr::Union, NameSpace, std::pair<ClassValue, std::shared_ptr<Dict>>, std::variant<const expr::Num *, const expr::Bool *, const expr::String *, const expr::Name *, const expr::List *, const expr::Map *, const expr::Expansion *, const expr::UnaryFold *, const expr::SeparatedUnaryFold *, const expr::BinaryFold *, const expr::Assignment *, const expr::Class *, const expr::Union *, const expr::Match *, const expr::Loop *, const expr::Break *, const expr::Continue *, const expr::Access *, const expr::Namespace *, const expr::Use *, const expr::SpaceAccess *, const expr::Grouping *, const expr::UnaryOp *, const expr::BinOp *, const expr::PostOp *, const expr::CircumOp *, const expr::OpCall *, const expr::Call *, const expr::Closure *, const expr::Block *, const expr::Prefix *, const expr::Infix *, const expr::Suffix *, const expr::Exfix *, const expr::Operator *>, std::shared_ptr<Elements>, ListValue>> &>' requested here
  405 |     : public enable_if<__invokable<_Fp, _Args...>::value, typename __invokable_r<void, _Fp, _Args...>::_Result> {};
      |                        ^
/Applications/Xcode.app/Contents/Developer/Platforms/MacOSX.platform/Developer/SDKs/MacOSX.sdk/usr/include/c++/v1/__type_traits/invoke.h:456:45: note: in instantiation of template class 'std::__invoke_of<(lambda at Type/../Interp/Interpreter.hxx:847:71) &, std::tuple<expr::Name, std::shared_ptr<type::Type>, std::variant<long, double, bool, std::string, expr::Closure, ClassValue, expr::Union, NameSpace, std::pair<ClassValue, std::shared_ptr<Dict>>, std::variant<const expr::Num *, const expr::Bool *, const expr::String *, const expr::Name *, const expr::List *, const expr::Map *, const expr::Expansion *, const expr::UnaryFold *, const expr::SeparatedUnaryFold *, const expr::BinaryFold *, const expr::Assignment *, const expr::Class *, const expr::Union *, const expr::Match *, const expr::Loop *, const expr::Break *, const expr::Continue *, const expr::Access *, const expr::Namespace *, const expr::Use *, const expr::SpaceAccess *, const expr::Grouping *, const expr::UnaryOp *, const expr::BinOp *, const expr::PostOp *, const expr::CircumOp *, const expr::OpCall *, const expr::Call *, const expr::Closure *, const expr::Block *, const expr::Prefix *, const expr::Infix *, const expr::Suffix *, const expr::Exfix *, const expr::Operator *>, std::shared_ptr<Elements>, ListValue>> &>' requested here
  456 | struct _LIBCPP_TEMPLATE_VIS invoke_result : __invoke_of<_Fn, _Args...> {};
      |                                             ^
/Applications/Xcode.app/Contents/Developer/Platforms/MacOSX.platform/Developer/SDKs/MacOSX.sdk/usr/include/c++/v1/__type_traits/invoke.h:459:1: note: (skipping 10 contexts in backtrace; use -ftemplate-backtrace-limit=0 to see all)
  459 | using invoke_result_t = typename invoke_result<_Fn, _Args...>::type;
      | ^
/Applications/Xcode.app/Contents/Developer/Platforms/MacOSX.platform/Developer/SDKs/MacOSX.sdk/usr/include/c++/v1/__iterator/concepts.h:191:60: note: while substituting template arguments into constraint expression here
  191 |     indirectly_readable<_It> && copy_constructible<_Fp> && predicate<_Fp&, iter_value_t<_It>&> &&
      |                                                            ^~~~~~~~~~~~~~~~~~~~~~~~~~~~~~~~~~~
/Applications/Xcode.app/Contents/Developer/Platforms/MacOSX.platform/Developer/SDKs/MacOSX.sdk/usr/include/c++/v1/__algorithm/ranges_find_if.h:56:54: note: while checking the satisfaction of concept 'indirect_unary_predicate<(lambda at Type/../Interp/Interpreter.hxx:847:71), std::__projected_impl<std::__wrap_iter<std::tuple<expr::Name, std::shared_ptr<type::Type>, std::variant<long, double, bool, std::string, expr::Closure, ClassValue, expr::Union, NameSpace, std::pair<ClassValue, std::shared_ptr<Dict>>, std::variant<const expr::Num *, const expr::Bool *, const expr::String *, const expr::Name *, const expr::List *, const expr::Map *, const expr::Expansion *, const expr::UnaryFold *, const expr::SeparatedUnaryFold *, const expr::BinaryFold *, const expr::Assignment *, const expr::Class *, const expr::Union *, const expr::Match *, const expr::Loop *, const expr::Break *, const expr::Continue *, const expr::Access *, const expr::Namespace *, const expr::Use *, const expr::SpaceAccess *, const expr::Grouping *, const expr::UnaryOp *, const expr::BinOp *, const expr::PostOp *, const expr::CircumOp *, const expr::OpCall *, const expr::Call *, const expr::Closure *, const expr::Block *, const expr::Prefix *, const expr::Infix *, const expr::Suffix *, const expr::Exfix *, const expr::Operator *>, std::shared_ptr<Elements>, ListValue>> *>, std::identity>::__type>' requested here
   56 |   template <input_range _Rp, class _Proj = identity, indirect_unary_predicate<projected<iterator_t<_Rp>, _Proj>> _Pred>
      |                                                      ^~~~~~~~~~~~~~~~~~~~~~~~~~~~~~~~~~~~~~~~~~~~~~~~~~~~~~~~~~~
/Applications/Xcode.app/Contents/Developer/Platforms/MacOSX.platform/Developer/SDKs/MacOSX.sdk/usr/include/c++/v1/__algorithm/ranges_find_if.h:56:54: note: while substituting template arguments into constraint expression here
   56 |   template <input_range _Rp, class _Proj = identity, indirect_unary_predicate<projected<iterator_t<_Rp>, _Proj>> _Pred>
      |                                                      ^~~~~~~~~~~~~~~~~~~~~~~~~~~~~~~~~~~~~~~~~~~~~~~~~~~~~~~~~~~
Type/../Interp/Interpreter.hxx:847:49: note: while checking constraint satisfaction for template 'operator()<std::vector<std::tuple<expr::Name, std::shared_ptr<type::Type>, std::variant<long, double, bool, std::string, expr::Closure, ClassValue, expr::Union, NameSpace, std::pair<ClassValue, std::shared_ptr<Dict>>, std::variant<const expr::Num *, const expr::Bool *, const expr::String *, const expr::Name *, const expr::List *, const expr::Map *, const expr::Expansion *, const expr::UnaryFold *, const expr::SeparatedUnaryFold *, const expr::BinaryFold *, const expr::Assignment *, const expr::Class *, const expr::Union *, const expr::Match *, const expr::Loop *, const expr::Break *, const expr::Continue *, const expr::Access *, const expr::Namespace *, const expr::Use *, const expr::SpaceAccess *, const expr::Grouping *, const expr::UnaryOp *, const expr::BinOp *, const expr::PostOp *, const expr::CircumOp *, const expr::OpCall *, const expr::Call *, const expr::Closure *, const expr::Block *, const expr::Prefix *, const expr::Infix *, const expr::Suffix *, const expr::Exfix *, const expr::Operator *>, std::shared_ptr<Elements>, ListValue>>> &, std::identity, (lambda at Type/../Interp/Interpreter.hxx:847:71)>' required here
  847 |         const auto& found = std::ranges::find_if(ns.members->members, [&name = sa->member] (const auto& member) { return member.first.stringify() == name; });
      |                                                 ^
Type/../Interp/Interpreter.hxx:847:49: note: in instantiation of function template specialization 'std::ranges::__find_if::__fn::operator()<std::vector<std::tuple<expr::Name, std::shared_ptr<type::Type>, std::variant<long, double, bool, std::string, expr::Closure, ClassValue, expr::Union, NameSpace, std::pair<ClassValue, std::shared_ptr<Dict>>, std::variant<const expr::Num *, const expr::Bool *, const expr::String *, const expr::Name *, const expr::List *, const expr::Map *, const expr::Expansion *, const expr::UnaryFold *, const expr::SeparatedUnaryFold *, const expr::BinaryFold *, const expr::Assignment *, const expr::Class *, const expr::Union *, const expr::Match *, const expr::Loop *, const expr::Break *, const expr::Continue *, const expr::Access *, const expr::Namespace *, const expr::Use *, const expr::SpaceAccess *, const expr::Grouping *, const expr::UnaryOp *, const expr::BinOp *, const expr::PostOp *, const expr::CircumOp *, const expr::OpCall *, const expr::Call *, const expr::Closure *, const expr::Block *, const expr::Prefix *, const expr::Infix *, const expr::Suffix *, const expr::Exfix *, const expr::Operator *>, std::shared_ptr<Elements>, ListValue>>> &, std::identity, (lambda at Type/../Interp/Interpreter.hxx:847:71)>' requested here
Type/../Interp/Interpreter.hxx:847:29: error: no matching function for call to object of type 'const __find_if::__fn'
  847 |         const auto& found = std::ranges::find_if(ns.members->members, [&name = sa->member] (const auto& member) { return member.first.stringify() == name; });
      |                             ^~~~~~~~~~~~~~~~~~~~
/Applications/Xcode.app/Contents/Developer/Platforms/MacOSX.platform/Developer/SDKs/MacOSX.sdk/usr/include/c++/v1/__algorithm/ranges_find_if.h:58:3: note: candidate template ignored: constraints not satisfied [with _Rp = std::vector<std::tuple<expr::Name, type::TypePtr, Value>> &, _Proj = identity, _Pred = (lambda at Type/../Interp/Interpreter.hxx:847:71)]
   58 |   operator()(_Rp&& __r, _Pred __pred, _Proj __proj = {}) const {
      |   ^
/Applications/Xcode.app/Contents/Developer/Platforms/MacOSX.platform/Developer/SDKs/MacOSX.sdk/usr/include/c++/v1/__algorithm/ranges_find_if.h:56:54: note: because 'indirect_unary_predicate<(lambda at Type/../Interp/Interpreter.hxx:847:71), projected<iterator_t<vector<tuple<Name, shared_ptr<Type>, variant<long, double, _Bool, string, Closure, ClassValue, Union, NameSpace, pair<ClassValue, shared_ptr<Dict> >, variant<const Num *, const Bool *, const String *, const Name *, const List *, const Map *, const Expansion *, const UnaryFold *, const SeparatedUnaryFold *, const BinaryFold *, const Assignment *, const Class *, const Union *, const Match *, const Loop *, const Break *, const Continue *, const Access *, const Namespace *, const Use *, const SpaceAccess *, const Grouping *, const UnaryOp *, const BinOp *, const PostOp *, const CircumOp *, const OpCall *, const Call *, const Closure *, const Block *, const Prefix *, const Infix *, const Suffix *, const Exfix *, const Operator *>, shared_ptr<Elements>, ListValue> >, allocator<tuple<Name, shared_ptr<Type>, variant<long, double, _Bool, string, Closure, ClassValue, Union, NameSpace, pair<ClassValue, shared_ptr<Dict> >, variant<const Num *, const Bool *, const String *, const Name *, const List *, const Map *, const Expansion *, const UnaryFold *, const SeparatedUnaryFold *, const BinaryFold *, const Assignment *, const Class *, const Union *, const Match *, const Loop *, const Break *, const Continue *, const Access *, const Namespace *, const Use *, const SpaceAccess *, const Grouping *, const UnaryOp *, const BinOp *, const PostOp *, const CircumOp *, const OpCall *, const Call *, const Closure *, const Block *, const Prefix *, const Infix *, const Suffix *, const Exfix *, const Operator *>, shared_ptr<Elements>, ListValue> > > > &>, identity> >' evaluated to false
   56 |   template <input_range _Rp, class _Proj = identity, indirect_unary_predicate<projected<iterator_t<_Rp>, _Proj>> _Pred>
      |                                                      ^
/Applications/Xcode.app/Contents/Developer/Platforms/MacOSX.platform/Developer/SDKs/MacOSX.sdk/usr/include/c++/v1/__iterator/concepts.h:191:60: note: because 'predicate<(lambda at Type/../Interp/Interpreter.hxx:847:71) &, iter_value_t<__type> &>' evaluated to false
  191 |     indirectly_readable<_It> && copy_constructible<_Fp> && predicate<_Fp&, iter_value_t<_It>&> &&
      |                                                            ^
/Applications/Xcode.app/Contents/Developer/Platforms/MacOSX.platform/Developer/SDKs/MacOSX.sdk/usr/include/c++/v1/__concepts/predicate.h:28:21: note: because 'regular_invocable<(lambda at Type/../Interp/Interpreter.hxx:847:71) &, std::tuple<expr::Name, std::shared_ptr<type::Type>, std::variant<long, double, _Bool, std::string, expr::Closure, ClassValue, expr::Union, NameSpace, std::pair<ClassValue, std::shared_ptr<Dict> >, std::variant<const expr::Num *, const expr::Bool *, const expr::String *, const expr::Name *, const expr::List *, const expr::Map *, const expr::Expansion *, const expr::UnaryFold *, const expr::SeparatedUnaryFold *, const expr::BinaryFold *, const expr::Assignment *, const expr::Class *, const expr::Union *, const expr::Match *, const expr::Loop *, const expr::Break *, const expr::Continue *, const expr::Access *, const expr::Namespace *, const expr::Use *, const expr::SpaceAccess *, const expr::Grouping *, const expr::UnaryOp *, const expr::BinOp *, const expr::PostOp *, const expr::CircumOp *, const expr::OpCall *, const expr::Call *, const expr::Closure *, const expr::Block *, const expr::Prefix *, const expr::Infix *, const expr::Suffix *, const expr::Exfix *, const expr::Operator *>, std::shared_ptr<Elements>, ListValue> > &>' evaluated to false
   28 | concept predicate = regular_invocable<_Fn, _Args...> && __boolean_testable<invoke_result_t<_Fn, _Args...>>;
      |                     ^
/Applications/Xcode.app/Contents/Developer/Platforms/MacOSX.platform/Developer/SDKs/MacOSX.sdk/usr/include/c++/v1/__concepts/invocable.h:34:29: note: because 'invocable<(lambda at Type/../Interp/Interpreter.hxx:847:71) &, std::tuple<expr::Name, std::shared_ptr<type::Type>, std::variant<long, double, _Bool, std::string, expr::Closure, ClassValue, expr::Union, NameSpace, std::pair<ClassValue, std::shared_ptr<Dict> >, std::variant<const expr::Num *, const expr::Bool *, const expr::String *, const expr::Name *, const expr::List *, const expr::Map *, const expr::Expansion *, const expr::UnaryFold *, const expr::SeparatedUnaryFold *, const expr::BinaryFold *, const expr::Assignment *, const expr::Class *, const expr::Union *, const expr::Match *, const expr::Loop *, const expr::Break *, const expr::Continue *, const expr::Access *, const expr::Namespace *, const expr::Use *, const expr::SpaceAccess *, const expr::Grouping *, const expr::UnaryOp *, const expr::BinOp *, const expr::PostOp *, const expr::CircumOp *, const expr::OpCall *, const expr::Call *, const expr::Closure *, const expr::Block *, const expr::Prefix *, const expr::Infix *, const expr::Suffix *, const expr::Exfix *, const expr::Operator *>, std::shared_ptr<Elements>, ListValue> > &>' evaluated to false
   34 | concept regular_invocable = invocable<_Fn, _Args...>;
      |                             ^
/Applications/Xcode.app/Contents/Developer/Platforms/MacOSX.platform/Developer/SDKs/MacOSX.sdk/usr/include/c++/v1/__concepts/invocable.h:28:3: note: because 'std::invoke(std::forward<_Fn>(__fn), std::forward<_Args>(__args)...)' would be invalid: no matching function for call to 'invoke'
   28 |   std::invoke(std::forward<_Fn>(__fn), std::forward<_Args>(__args)...); // not required to be equality preserving
      |   ^
/Applications/Xcode.app/Contents/Developer/Platforms/MacOSX.platform/Developer/SDKs/MacOSX.sdk/usr/include/c++/v1/__algorithm/ranges_find_if.h:52:3: note: candidate function template not viable: requires at least 3 arguments, but 2 were provided
   52 |   operator()(_Ip __first, _Sp __last, _Pred __pred, _Proj __proj = {}) const {
      |   ^          ~~~~~~~~~~~~~~~~~~~~~~~~~~~~~~~~~~~~~~~~~~~~~~~~~~~~~~~~
In file included from Type/Type.cxx:2:
Type/../Interp/Interpreter.hxx:856:30: error: type 'std::tuple<expr::Name, std::shared_ptr<type::Type>, std::variant<long, double, bool, std::string, expr::Closure, ClassValue, expr::Union, NameSpace, std::pair<ClassValue, std::shared_ptr<Dict>>, std::variant<const expr::Num *, const expr::Bool *, const expr::String *, const expr::Name *, const expr::List *, const expr::Map *, const expr::Expansion *, const expr::UnaryFold *, const expr::SeparatedUnaryFold *, const expr::BinaryFold *, const expr::Assignment *, const expr::Class *, const expr::Union *, const expr::Match *, const expr::Loop *, const expr::Break *, const expr::Continue *, const expr::Access *, const expr::Namespace *, const expr::Use *, const expr::SpaceAccess *, const expr::Grouping *, const expr::UnaryOp *, const expr::BinOp *, const expr::PostOp *, const expr::CircumOp *, const expr::OpCall *, const expr::Call *, const expr::Closure *, const expr::Block *, const expr::Prefix *, const expr::Infix *, const expr::Suffix *, const expr::Exfix *, const expr::Operator *>, std::shared_ptr<Elements>, ListValue>> const' decomposes into 3 elements, but only 2 names were provided
  856 |             for (const auto& [name, value] : ns.members->members)
      |                              ^
/Applications/Xcode.app/Contents/Developer/Platforms/MacOSX.platform/Developer/SDKs/MacOSX.sdk/usr/include/c++/v1/vector:569:64: note: selected 'begin' function with iterator type 'iterator' (aka '__wrap_iter<std::tuple<expr::Name, std::shared_ptr<type::Type>, std::variant<long, double, bool, std::string, expr::Closure, ClassValue, expr::Union, NameSpace, std::pair<ClassValue, std::shared_ptr<Dict>>, std::variant<const expr::Num *, const expr::Bool *, const expr::String *, const expr::Name *, const expr::List *, const expr::Map *, const expr::Expansion *, const expr::UnaryFold *, const expr::SeparatedUnaryFold *, const expr::BinaryFold *, const expr::Assignment *, const expr::Class *, const expr::Union *, const expr::Match *, const expr::Loop *, const expr::Break *, const expr::Continue *, const expr::Access *, const expr::Namespace *, const expr::Use *, const expr::SpaceAccess *, const expr::Grouping *, const expr::UnaryOp *, const expr::BinOp *, const expr::PostOp *, const expr::CircumOp *, const expr::OpCall *, const expr::Call *, const expr::Closure *, const expr::Block *, const expr::Prefix *, const expr::Infix *, const expr::Suffix *, const expr::Exfix *, const expr::Operator *>, std::shared_ptr<Elements>, ListValue>> *>')
  569 |   _LIBCPP_CONSTEXPR_SINCE_CXX20 _LIBCPP_HIDE_FROM_ABI iterator begin() _NOEXCEPT;
      |                                                                ^
In file included from Type/Type.cxx:2:
Type/../Interp/Interpreter.hxx:909:34: error: no member named 'second' in 'std::tuple<expr::Name, std::shared_ptr<type::Type>, std::variant<long, double, bool, std::string, expr::Closure, ClassValue, expr::Union, NameSpace, std::pair<ClassValue, std::shared_ptr<Dict>>, std::variant<const expr::Num *, const expr::Bool *, const expr::String *, const expr::Name *, const expr::List *, const expr::Map *, const expr::Expansion *, const expr::UnaryFold *, const expr::SeparatedUnaryFold *, const expr::BinaryFold *, const expr::Assignment *, const expr::Class *, const expr::Union *, const expr::Match *, const expr::Loop *, const expr::Break *, const expr::Continue *, const expr::Access *, const expr::Namespace *, const expr::Use *, const expr::SpaceAccess *, const expr::Grouping *, const expr::UnaryOp *, const expr::BinOp *, const expr::PostOp *, const expr::CircumOp *, const expr::OpCall *, const expr::Call *, const expr::Closure *, const expr::Block *, const expr::Prefix *, const expr::Infix *, const expr::Suffix *, const expr::Exfix *, const expr::Operator *>, std::shared_ptr<Elements>, ListValue>>'
  909 |             if (not match(member.second, *pat)) return false;
      |                           ~~~~~~ ^
Type/../Interp/Interpreter.hxx:2016:46: error: no member named 'first' in 'std::tuple<expr::Name, std::shared_ptr<type::Type>, std::variant<long, double, bool, std::string, expr::Closure, ClassValue, expr::Union, NameSpace, std::pair<ClassValue, std::shared_ptr<Dict>>, std::variant<const expr::Num *, const expr::Bool *, const expr::String *, const expr::Name *, const expr::List *, const expr::Map *, const expr::Expansion *, const expr::UnaryFold *, const expr::SeparatedUnaryFold *, const expr::BinaryFold *, const expr::Assignment *, const expr::Class *, const expr::Union *, const expr::Match *, const expr::Loop *, const expr::Break *, const expr::Continue *, const expr::Access *, const expr::Namespace *, const expr::Use *, const expr::SpaceAccess *, const expr::Grouping *, const expr::UnaryOp *, const expr::BinOp *, const expr::PostOp *, const expr::CircumOp *, const expr::OpCall *, const expr::Call *, const expr::Closure *, const expr::Block *, const expr::Prefix *, const expr::Infix *, const expr::Suffix *, const expr::Exfix *, const expr::Operator *>, std::shared_ptr<Elements>, ListValue>>'
 2016 |             if (not (*obj.second->members[i].first.type >= *typeOf(v)))
      |                       ~~~~~~~~~~~~~~~~~~~~~~ ^
Type/../Interp/Interpreter.hxx:2019:44: error: no member named 'first' in 'std::tuple<expr::Name, std::shared_ptr<type::Type>, std::variant<long, double, bool, std::string, expr::Closure, ClassValue, expr::Union, NameSpace, std::pair<ClassValue, std::shared_ptr<Dict>>, std::variant<const expr::Num *, const expr::Bool *, const expr::String *, const expr::Name *, const expr::List *, const expr::Map *, const expr::Expansion *, const expr::UnaryFold *, const expr::SeparatedUnaryFold *, const expr::BinaryFold *, const expr::Assignment *, const expr::Class *, const expr::Union *, const expr::Match *, const expr::Loop *, const expr::Break *, const expr::Continue *, const expr::Access *, const expr::Namespace *, const expr::Use *, const expr::SpaceAccess *, const expr::Grouping *, const expr::UnaryOp *, const expr::BinOp *, const expr::PostOp *, const expr::CircumOp *, const expr::OpCall *, const expr::Call *, const expr::Closure *, const expr::Block *, const expr::Prefix *, const expr::Infix *, const expr::Suffix *, const expr::Exfix *, const expr::Operator *>, std::shared_ptr<Elements>, ListValue>>'
 2019 |                     obj.second->members[i].first.stringify() + "` expected: " + obj.second->members[i].first.type->text() +
      |                     ~~~~~~~~~~~~~~~~~~~~~~ ^
Type/../Interp/Interpreter.hxx:2019:104: error: no member named 'first' in 'std::tuple<expr::Name, std::shared_ptr<type::Type>, std::variant<long, double, bool, std::string, expr::Closure, ClassValue, expr::Union, NameSpace, std::pair<ClassValue, std::shared_ptr<Dict>>, std::variant<const expr::Num *, const expr::Bool *, const expr::String *, const expr::Name *, const expr::List *, const expr::Map *, const expr::Expansion *, const expr::UnaryFold *, const expr::SeparatedUnaryFold *, const expr::BinaryFold *, const expr::Assignment *, const expr::Class *, const expr::Union *, const expr::Match *, const expr::Loop *, const expr::Break *, const expr::Continue *, const expr::Access *, const expr::Namespace *, const expr::Use *, const expr::SpaceAccess *, const expr::Grouping *, const expr::UnaryOp *, const expr::BinOp *, const expr::PostOp *, const expr::CircumOp *, const expr::OpCall *, const expr::Call *, const expr::Closure *, const expr::Block *, const expr::Prefix *, const expr::Infix *, const expr::Suffix *, const expr::Exfix *, const expr::Operator *>, std::shared_ptr<Elements>, ListValue>>'
 2019 |                     obj.second->members[i].first.stringify() + "` expected: " + obj.second->members[i].first.type->text() +
      |                                                                                 ~~~~~~~~~~~~~~~~~~~~~~ ^
Type/../Interp/Interpreter.hxx:2023:36: error: no member named 'second' in 'std::tuple<expr::Name, std::shared_ptr<type::Type>, std::variant<long, double, bool, std::string, expr::Closure, ClassValue, expr::Union, NameSpace, std::pair<ClassValue, std::shared_ptr<Dict>>, std::variant<const expr::Num *, const expr::Bool *, const expr::String *, const expr::Name *, const expr::List *, const expr::Map *, const expr::Expansion *, const expr::UnaryFold *, const expr::SeparatedUnaryFold *, const expr::BinaryFold *, const expr::Assignment *, const expr::Class *, const expr::Union *, const expr::Match *, const expr::Loop *, const expr::Break *, const expr::Continue *, const expr::Access *, const expr::Namespace *, const expr::Use *, const expr::SpaceAccess *, const expr::Grouping *, const expr::UnaryOp *, const expr::BinOp *, const expr::PostOp *, const expr::CircumOp *, const expr::OpCall *, const expr::Call *, const expr::Closure *, const expr::Block *, const expr::Prefix *, const expr::Infix *, const expr::Suffix *, const expr::Exfix *, const expr::Operator *>, std::shared_ptr<Elements>, ListValue>>'
 2023 |             obj.second->members[i].second = v;
      |             ~~~~~~~~~~~~~~~~~~~~~~ ^
In file included from Type/Type.cxx:1:
In file included from Type/Type.hxx:3:
In file included from /Applications/Xcode.app/Contents/Developer/Platforms/MacOSX.platform/Developer/SDKs/MacOSX.sdk/usr/include/c++/v1/string:587:
In file included from /Applications/Xcode.app/Contents/Developer/Platforms/MacOSX.platform/Developer/SDKs/MacOSX.sdk/usr/include/c++/v1/__memory/allocate_at_least.h:13:
/Applications/Xcode.app/Contents/Developer/Platforms/MacOSX.platform/Developer/SDKs/MacOSX.sdk/usr/include/c++/v1/__memory/allocator_traits.h:305:5: error: no matching function for call to '__construct_at'
  305 |     std::__construct_at(__p, std::forward<_Args>(__args)...);
      |     ^~~~~~~~~~~~~~~~~~~
/Applications/Xcode.app/Contents/Developer/Platforms/MacOSX.platform/Developer/SDKs/MacOSX.sdk/usr/include/c++/v1/__memory/shared_ptr.h:265:33: note: in instantiation of function template specialization 'std::allocator_traits<std::allocator<expr::Name>>::construct<expr::Name, std::string &, std::shared_ptr<type::Type>, void, void>' requested here
  265 |     allocator_traits<_TpAlloc>::construct(__tmp, __get_elem(), std::forward<_Args>(__args)...);
      |                                 ^
/Applications/Xcode.app/Contents/Developer/Platforms/MacOSX.platform/Developer/SDKs/MacOSX.sdk/usr/include/c++/v1/__memory/shared_ptr.h:823:51: note: in instantiation of function template specialization 'std::__shared_ptr_emplace<expr::Name, std::allocator<expr::Name>>::__shared_ptr_emplace<std::string &, std::shared_ptr<type::Type>, std::allocator<expr::Name>, 0>' requested here
  823 |   ::new ((void*)std::addressof(*__guard.__get())) _ControlBlock(__a, std::forward<_Args>(__args)...);
      |                                                   ^
/Applications/Xcode.app/Contents/Developer/Platforms/MacOSX.platform/Developer/SDKs/MacOSX.sdk/usr/include/c++/v1/__memory/shared_ptr.h:831:15: note: in instantiation of function template specialization 'std::allocate_shared<expr::Name, std::allocator<expr::Name>, std::string &, std::shared_ptr<type::Type>, void>' requested here
  831 |   return std::allocate_shared<_Tp>(allocator<_Tp>(), std::forward<_Args>(__args)...);
      |               ^
Type/../Interp/../Parser/Parser.hxx:889:25: note: in instantiation of function template specialization 'std::make_shared<expr::Name, std::string &, std::shared_ptr<type::Type>, void>' requested here
  889 |             return std::make_shared<expr::Name>(token.text, std::move(type));
      |                         ^
/Applications/Xcode.app/Contents/Developer/Platforms/MacOSX.platform/Developer/SDKs/MacOSX.sdk/usr/include/c++/v1/__memory/construct_at.h:47:46: note: candidate template ignored: substitution failure [with _Tp = expr::Name, _Args = <std::string &, std::shared_ptr<type::Type>>]: no matching constructor for initialization of 'expr::Name'
   46 | template <class _Tp, class... _Args, class = decltype(::new(std::declval<void*>()) _Tp(std::declval<_Args>()...))>
      |                                                                                    ~~~
   47 | _LIBCPP_HIDE_FROM_ABI _LIBCPP_CONSTEXPR _Tp* __construct_at(_Tp* __location, _Args&&... __args) {
      |                                              ^
In file included from Type/Type.cxx:1:
In file included from Type/Type.hxx:3:
In file included from /Applications/Xcode.app/Contents/Developer/Platforms/MacOSX.platform/Developer/SDKs/MacOSX.sdk/usr/include/c++/v1/string:587:
In file included from /Applications/Xcode.app/Contents/Developer/Platforms/MacOSX.platform/Developer/SDKs/MacOSX.sdk/usr/include/c++/v1/__memory/allocate_at_least.h:13:
/Applications/Xcode.app/Contents/Developer/Platforms/MacOSX.platform/Developer/SDKs/MacOSX.sdk/usr/include/c++/v1/__memory/allocator_traits.h:305:5: error: no matching function for call to '__construct_at'
  305 |     std::__construct_at(__p, std::forward<_Args>(__args)...);
      |     ^~~~~~~~~~~~~~~~~~~
/Applications/Xcode.app/Contents/Developer/Platforms/MacOSX.platform/Developer/SDKs/MacOSX.sdk/usr/include/c++/v1/__memory/shared_ptr.h:265:33: note: in instantiation of function template specialization 'std::allocator_traits<std::allocator<Dict>>::construct<Dict, std::vector<std::pair<expr::Name, std::variant<long, double, bool, std::string, expr::Closure, ClassValue, expr::Union, NameSpace, std::pair<ClassValue, std::shared_ptr<Dict>>, std::variant<const expr::Num *, const expr::Bool *, const expr::String *, const expr::Name *, const expr::List *, const expr::Map *, const expr::Expansion *, const expr::UnaryFold *, const expr::SeparatedUnaryFold *, const expr::BinaryFold *, const expr::Assignment *, const expr::Class *, const expr::Union *, const expr::Match *, const expr::Loop *, const expr::Break *, const expr::Continue *, const expr::Access *, const expr::Namespace *, const expr::Use *, const expr::SpaceAccess *, const expr::Grouping *, const expr::UnaryOp *, const expr::BinOp *, const expr::PostOp *, const expr::CircumOp *, const expr::OpCall *, const expr::Call *, const expr::Closure *, const expr::Block *, const expr::Prefix *, const expr::Infix *, const expr::Suffix *, const expr::Exfix *, const expr::Operator *>, std::shared_ptr<Elements>, ListValue>>>, void, void>' requested here
  265 |     allocator_traits<_TpAlloc>::construct(__tmp, __get_elem(), std::forward<_Args>(__args)...);
      |                                 ^
/Applications/Xcode.app/Contents/Developer/Platforms/MacOSX.platform/Developer/SDKs/MacOSX.sdk/usr/include/c++/v1/__memory/shared_ptr.h:823:51: note: in instantiation of function template specialization 'std::__shared_ptr_emplace<Dict, std::allocator<Dict>>::__shared_ptr_emplace<std::vector<std::pair<expr::Name, std::variant<long, double, bool, std::string, expr::Closure, ClassValue, expr::Union, NameSpace, std::pair<ClassValue, std::shared_ptr<Dict>>, std::variant<const expr::Num *, const expr::Bool *, const expr::String *, const expr::Name *, const expr::List *, const expr::Map *, const expr::Expansion *, const expr::UnaryFold *, const expr::SeparatedUnaryFold *, const expr::BinaryFold *, const expr::Assignment *, const expr::Class *, const expr::Union *, const expr::Match *, const expr::Loop *, const expr::Break *, const expr::Continue *, const expr::Access *, const expr::Namespace *, const expr::Use *, const expr::SpaceAccess *, const expr::Grouping *, const expr::UnaryOp *, const expr::BinOp *, const expr::PostOp *, const expr::CircumOp *, const expr::OpCall *, const expr::Call *, const expr::Closure *, const expr::Block *, const expr::Prefix *, const expr::Infix *, const expr::Suffix *, const expr::Exfix *, const expr::Operator *>, std::shared_ptr<Elements>, ListValue>>>, std::allocator<Dict>, 0>' requested here
  823 |   ::new ((void*)std::addressof(*__guard.__get())) _ControlBlock(__a, std::forward<_Args>(__args)...);
      |                                                   ^
/Applications/Xcode.app/Contents/Developer/Platforms/MacOSX.platform/Developer/SDKs/MacOSX.sdk/usr/include/c++/v1/__memory/shared_ptr.h:831:15: note: in instantiation of function template specialization 'std::allocate_shared<Dict, std::allocator<Dict>, std::vector<std::pair<expr::Name, std::variant<long, double, bool, std::string, expr::Closure, ClassValue, expr::Union, NameSpace, std::pair<ClassValue, std::shared_ptr<Dict>>, std::variant<const expr::Num *, const expr::Bool *, const expr::String *, const expr::Name *, const expr::List *, const expr::Map *, const expr::Expansion *, const expr::UnaryFold *, const expr::SeparatedUnaryFold *, const expr::BinaryFold *, const expr::Assignment *, const expr::Class *, const expr::Union *, const expr::Match *, const expr::Loop *, const expr::Break *, const expr::Continue *, const expr::Access *, const expr::Namespace *, const expr::Use *, const expr::SpaceAccess *, const expr::Grouping *, const expr::UnaryOp *, const expr::BinOp *, const expr::PostOp *, const expr::CircumOp *, const expr::OpCall *, const expr::Call *, const expr::Closure *, const expr::Block *, const expr::Prefix *, const expr::Infix *, const expr::Suffix *, const expr::Exfix *, const expr::Operator *>, std::shared_ptr<Elements>, ListValue>>>, void>' requested here
  831 |   return std::allocate_shared<_Tp>(allocator<_Tp>(), std::forward<_Args>(__args)...);
      |               ^
Type/../Interp/Interpreter.hxx:793:31: note: in instantiation of function template specialization 'std::make_shared<Dict, std::vector<std::pair<expr::Name, std::variant<long, double, bool, std::string, expr::Closure, ClassValue, expr::Union, NameSpace, std::pair<ClassValue, std::shared_ptr<Dict>>, std::variant<const expr::Num *, const expr::Bool *, const expr::String *, const expr::Name *, const expr::List *, const expr::Map *, const expr::Expansion *, const expr::UnaryFold *, const expr::SeparatedUnaryFold *, const expr::BinaryFold *, const expr::Assignment *, const expr::Class *, const expr::Union *, const expr::Match *, const expr::Loop *, const expr::Break *, const expr::Continue *, const expr::Access *, const expr::Namespace *, const expr::Use *, const expr::SpaceAccess *, const expr::Grouping *, const expr::UnaryOp *, const expr::BinOp *, const expr::PostOp *, const expr::CircumOp *, const expr::OpCall *, const expr::Call *, const expr::Closure *, const expr::Block *, const expr::Prefix *, const expr::Infix *, const expr::Suffix *, const expr::Exfix *, const expr::Operator *>, std::shared_ptr<Elements>, ListValue>>>, void>' requested here
  793 |         return NameSpace{std::make_shared<Dict>(std::move(members))};
      |                               ^
/Applications/Xcode.app/Contents/Developer/Platforms/MacOSX.platform/Developer/SDKs/MacOSX.sdk/usr/include/c++/v1/__memory/construct_at.h:47:46: note: candidate template ignored: substitution failure [with _Tp = Dict, _Args = <std::vector<std::pair<expr::Name, std::variant<long, double, bool, std::string, expr::Closure, ClassValue, expr::Union, NameSpace, std::pair<ClassValue, std::shared_ptr<Dict>>, std::variant<const expr::Num *, const expr::Bool *, const expr::String *, const expr::Name *, const expr::List *, const expr::Map *, const expr::Expansion *, const expr::UnaryFold *, const expr::SeparatedUnaryFold *, const expr::BinaryFold *, const expr::Assignment *, const expr::Class *, const expr::Union *, const expr::Match *, const expr::Loop *, const expr::Break *, const expr::Continue *, const expr::Access *, const expr::Namespace *, const expr::Use *, const expr::SpaceAccess *, const expr::Grouping *, const expr::UnaryOp *, const expr::BinOp *, const expr::PostOp *, const expr::CircumOp *, const expr::OpCall *, const expr::Call *, const expr::Closure *, const expr::Block *, const expr::Prefix *, const expr::Infix *, const expr::Suffix *, const expr::Exfix *, const expr::Operator *>, std::shared_ptr<Elements>, ListValue>>>>]: no viable conversion from 'vector<std::pair<expr::Name, std::variant<long, double, bool, std::string, expr::Closure, ClassValue, expr::Union, NameSpace, std::pair<ClassValue, std::shared_ptr<Dict>>, std::variant<const expr::Num *, const expr::Bool *, const expr::String *, const expr::Name *, const expr::List *, const expr::Map *, const expr::Expansion *, const expr::UnaryFold *, const expr::SeparatedUnaryFold *, const expr::BinaryFold *, const expr::Assignment *, const expr::Class *, const expr::Union *, const expr::Match *, const expr::Loop *, const expr::Break *, const expr::Continue *, const expr::Access *, const expr::Namespace *, const expr::Use *, const expr::SpaceAccess *, const expr::Grouping *, const expr::UnaryOp *, const expr::BinOp *, const expr::PostOp *, const expr::CircumOp *, const expr::OpCall *, const expr::Call *, const expr::Closure *, const expr::Block *, const expr::Prefix *, const expr::Infix *, const expr::Suffix *, const expr::Exfix *, const expr::Operator *>, std::shared_ptr<Elements>, ListValue>>, allocator<std::pair<expr::Name, std::variant<long, double, bool, std::string, expr::Closure, ClassValue, expr::Union, NameSpace, std::pair<ClassValue, std::shared_ptr<Dict>>, std::variant<const expr::Num *, const expr::Bool *, const expr::String *, const expr::Name *, const expr::List *, const expr::Map *, const expr::Expansion *, const expr::UnaryFold *, const expr::SeparatedUnaryFold *, const expr::BinaryFold *, const expr::Assignment *, const expr::Class *, const expr::Union *, const expr::Match *, const expr::Loop *, const expr::Break *, const expr::Continue *, const expr::Access *, const expr::Namespace *, const expr::Use *, const expr::SpaceAccess *, const expr::Grouping *, const expr::UnaryOp *, const expr::BinOp *, const expr::PostOp *, const expr::CircumOp *, const expr::OpCall *, const expr::Call *, const expr::Closure *, const expr::Block *, const expr::Prefix *, const expr::Infix *, const expr::Suffix *, const expr::Exfix *, const expr::Operator *>, std::shared_ptr<Elements>, ListValue>>>>' to 'vector<std::tuple<expr::Name, type::TypePtr, Value>, allocator<std::tuple<expr::Name, std::shared_ptr<type::Type>, std::variant<long, double, bool, std::string, expr::Closure, ClassValue, expr::Union, NameSpace, std::pair<ClassValue, std::shared_ptr<Dict>>, std::variant<const expr::Num *, const expr::Bool *, const expr::String *, const expr::Name *, const expr::List *, const expr::Map *, const expr::Expansion *, const expr::UnaryFold *, const expr::SeparatedUnaryFold *, const expr::BinaryFold *, const expr::Assignment *, const expr::Class *, const expr::Union *, const expr::Match *, const expr::Loop *, const expr::Break *, const expr::Continue *, const expr::Access *, const expr::Namespace *, const expr::Use *, const expr::SpaceAccess *, const expr::Grouping *, const expr::UnaryOp *, const expr::BinOp *, const expr::PostOp *, const expr::CircumOp *, const expr::OpCall *, const expr::Call *, const expr::Closure *, const expr::Block *, const expr::Prefix *, const expr::Infix *, const expr::Suffix *, const expr::Exfix *, const expr::Operator *>, std::shared_ptr<Elements>, ListValue>>>>'
   46 | template <class _Tp, class... _Args, class = decltype(::new(std::declval<void*>()) _Tp(std::declval<_Args>()...))>
      |                                                                                        ~~~
   47 | _LIBCPP_HIDE_FROM_ABI _LIBCPP_CONSTEXPR _Tp* __construct_at(_Tp* __location, _Args&&... __args) {
      |                                              ^
14 errors generated.
In file included from main.cc:10:
./Interp/Interpreter.hxx:730:116: error: no member named 'first' in 'std::tuple<expr::Name, std::shared_ptr<type::Type>, std::variant<long, double, bool, std::string, expr::Closure, ClassValue, expr::Union, NameSpace, std::pair<ClassValue, std::shared_ptr<Dict>>, std::variant<const expr::Num *, const expr::Bool *, const expr::String *, const expr::Name *, const expr::List *, const expr::Map *, const expr::Expansion *, const expr::UnaryFold *, const expr::SeparatedUnaryFold *, const expr::BinaryFold *, const expr::Assignment *, const expr::Class *, const expr::Union *, const expr::Match *, const expr::Loop *, const expr::Break *, const expr::Continue *, const expr::Access *, const expr::Namespace *, const expr::Use *, const expr::SpaceAccess *, const expr::Grouping *, const expr::UnaryOp *, const expr::BinOp *, const expr::PostOp *, const expr::CircumOp *, const expr::OpCall *, const expr::Call *, const expr::Closure *, const expr::Block *, const expr::Prefix *, const expr::Infix *, const expr::Suffix *, const expr::Exfix *, const expr::Operator *>, std::shared_ptr<Elements>, ListValue>>'
  730 |         const auto& found = std::ranges::find_if(obj.second->members, [&name] (const auto& member) { return member.first.stringify() == name; });
      |                                                                                                             ~~~~~~ ^
/Applications/Xcode.app/Contents/Developer/Platforms/MacOSX.platform/Developer/SDKs/MacOSX.sdk/usr/include/c++/v1/__type_traits/invoke.h:341:10: note: in instantiation of function template specialization 'Visitor::objectAccess(const Object &, const std::string &)::(anonymous class)::operator()<std::tuple<expr::Name, std::shared_ptr<type::Type>, std::variant<long, double, bool, std::string, expr::Closure, ClassValue, expr::Union, NameSpace, std::pair<ClassValue, std::shared_ptr<Dict>>, std::variant<const expr::Num *, const expr::Bool *, const expr::String *, const expr::Name *, const expr::List *, const expr::Map *, const expr::Expansion *, const expr::UnaryFold *, const expr::SeparatedUnaryFold *, const expr::BinaryFold *, const expr::Assignment *, const expr::Class *, const expr::Union *, const expr::Match *, const expr::Loop *, const expr::Break *, const expr::Continue *, const expr::Access *, const expr::Namespace *, const expr::Use *, const expr::SpaceAccess *, const expr::Grouping *, const expr::UnaryOp *, const expr::BinOp *, const expr::PostOp *, const expr::CircumOp *, const expr::OpCall *, const expr::Call *, const expr::Closure *, const expr::Block *, const expr::Prefix *, const expr::Infix *, const expr::Suffix *, const expr::Exfix *, const expr::Operator *>, std::shared_ptr<Elements>, ListValue>>>' requested here
  341 | decltype(std::declval<_Fp>()(std::declval<_Args>()...))
      |          ^
/Applications/Xcode.app/Contents/Developer/Platforms/MacOSX.platform/Developer/SDKs/MacOSX.sdk/usr/include/c++/v1/__type_traits/invoke.h:351:19: note: while substituting deduced template arguments into function template '__invoke' [with _Fp = (lambda at ./Interp/Interpreter.hxx:730:71) &, _Args = <std::tuple<expr::Name, std::shared_ptr<type::Type>, std::variant<long, double, bool, std::string, expr::Closure, ClassValue, expr::Union, NameSpace, std::pair<ClassValue, std::shared_ptr<Dict>>, std::variant<const expr::Num *, const expr::Bool *, const expr::String *, const expr::Name *, const expr::List *, const expr::Map *, const expr::Expansion *, const expr::UnaryFold *, const expr::SeparatedUnaryFold *, const expr::BinaryFold *, const expr::Assignment *, const expr::Class *, const expr::Union *, const expr::Match *, const expr::Loop *, const expr::Break *, const expr::Continue *, const expr::Access *, const expr::Namespace *, const expr::Use *, const expr::SpaceAccess *, const expr::Grouping *, const expr::UnaryOp *, const expr::BinOp *, const expr::PostOp *, const expr::CircumOp *, const expr::OpCall *, const expr::Call *, const expr::Closure *, const expr::Block *, const expr::Prefix *, const expr::Infix *, const expr::Suffix *, const expr::Exfix *, const expr::Operator *>, std::shared_ptr<Elements>, ListValue>> &>]
  351 |   static decltype(std::__invoke(std::declval<_XFp>(), std::declval<_XArgs>()...)) __try_call(int);
      |                   ^
/Applications/Xcode.app/Contents/Developer/Platforms/MacOSX.platform/Developer/SDKs/MacOSX.sdk/usr/include/c++/v1/__type_traits/invoke.h:357:28: note: while substituting deduced template arguments into function template '__try_call' [with _XFp = (lambda at ./Interp/Interpreter.hxx:730:71) &, _XArgs = (no value)]
  357 |   using _Result = decltype(__try_call<_Fp, _Args...>(0));
      |                            ^
/Applications/Xcode.app/Contents/Developer/Platforms/MacOSX.platform/Developer/SDKs/MacOSX.sdk/usr/include/c++/v1/__type_traits/invoke.h:405:24: note: in instantiation of template class 'std::__invokable_r<void, (lambda at ./Interp/Interpreter.hxx:730:71) &, std::tuple<expr::Name, std::shared_ptr<type::Type>, std::variant<long, double, bool, std::string, expr::Closure, ClassValue, expr::Union, NameSpace, std::pair<ClassValue, std::shared_ptr<Dict>>, std::variant<const expr::Num *, const expr::Bool *, const expr::String *, const expr::Name *, const expr::List *, const expr::Map *, const expr::Expansion *, const expr::UnaryFold *, const expr::SeparatedUnaryFold *, const expr::BinaryFold *, const expr::Assignment *, const expr::Class *, const expr::Union *, const expr::Match *, const expr::Loop *, const expr::Break *, const expr::Continue *, const expr::Access *, const expr::Namespace *, const expr::Use *, const expr::SpaceAccess *, const expr::Grouping *, const expr::UnaryOp *, const expr::BinOp *, const expr::PostOp *, const expr::CircumOp *, const expr::OpCall *, const expr::Call *, const expr::Closure *, const expr::Block *, const expr::Prefix *, const expr::Infix *, const expr::Suffix *, const expr::Exfix *, const expr::Operator *>, std::shared_ptr<Elements>, ListValue>> &>' requested here
  405 |     : public enable_if<__invokable<_Fp, _Args...>::value, typename __invokable_r<void, _Fp, _Args...>::_Result> {};
      |                        ^
/Applications/Xcode.app/Contents/Developer/Platforms/MacOSX.platform/Developer/SDKs/MacOSX.sdk/usr/include/c++/v1/__type_traits/invoke.h:456:45: note: in instantiation of template class 'std::__invoke_of<(lambda at ./Interp/Interpreter.hxx:730:71) &, std::tuple<expr::Name, std::shared_ptr<type::Type>, std::variant<long, double, bool, std::string, expr::Closure, ClassValue, expr::Union, NameSpace, std::pair<ClassValue, std::shared_ptr<Dict>>, std::variant<const expr::Num *, const expr::Bool *, const expr::String *, const expr::Name *, const expr::List *, const expr::Map *, const expr::Expansion *, const expr::UnaryFold *, const expr::SeparatedUnaryFold *, const expr::BinaryFold *, const expr::Assignment *, const expr::Class *, const expr::Union *, const expr::Match *, const expr::Loop *, const expr::Break *, const expr::Continue *, const expr::Access *, const expr::Namespace *, const expr::Use *, const expr::SpaceAccess *, const expr::Grouping *, const expr::UnaryOp *, const expr::BinOp *, const expr::PostOp *, const expr::CircumOp *, const expr::OpCall *, const expr::Call *, const expr::Closure *, const expr::Block *, const expr::Prefix *, const expr::Infix *, const expr::Suffix *, const expr::Exfix *, const expr::Operator *>, std::shared_ptr<Elements>, ListValue>> &>' requested here
  456 | struct _LIBCPP_TEMPLATE_VIS invoke_result : __invoke_of<_Fn, _Args...> {};
      |                                             ^
/Applications/Xcode.app/Contents/Developer/Platforms/MacOSX.platform/Developer/SDKs/MacOSX.sdk/usr/include/c++/v1/__type_traits/invoke.h:459:1: note: (skipping 10 contexts in backtrace; use -ftemplate-backtrace-limit=0 to see all)
  459 | using invoke_result_t = typename invoke_result<_Fn, _Args...>::type;
      | ^
/Applications/Xcode.app/Contents/Developer/Platforms/MacOSX.platform/Developer/SDKs/MacOSX.sdk/usr/include/c++/v1/__iterator/concepts.h:191:60: note: while substituting template arguments into constraint expression here
  191 |     indirectly_readable<_It> && copy_constructible<_Fp> && predicate<_Fp&, iter_value_t<_It>&> &&
      |                                                            ^~~~~~~~~~~~~~~~~~~~~~~~~~~~~~~~~~~
/Applications/Xcode.app/Contents/Developer/Platforms/MacOSX.platform/Developer/SDKs/MacOSX.sdk/usr/include/c++/v1/__algorithm/ranges_find_if.h:56:54: note: while checking the satisfaction of concept 'indirect_unary_predicate<(lambda at ./Interp/Interpreter.hxx:730:71), std::__projected_impl<std::__wrap_iter<std::tuple<expr::Name, std::shared_ptr<type::Type>, std::variant<long, double, bool, std::string, expr::Closure, ClassValue, expr::Union, NameSpace, std::pair<ClassValue, std::shared_ptr<Dict>>, std::variant<const expr::Num *, const expr::Bool *, const expr::String *, const expr::Name *, const expr::List *, const expr::Map *, const expr::Expansion *, const expr::UnaryFold *, const expr::SeparatedUnaryFold *, const expr::BinaryFold *, const expr::Assignment *, const expr::Class *, const expr::Union *, const expr::Match *, const expr::Loop *, const expr::Break *, const expr::Continue *, const expr::Access *, const expr::Namespace *, const expr::Use *, const expr::SpaceAccess *, const expr::Grouping *, const expr::UnaryOp *, const expr::BinOp *, const expr::PostOp *, const expr::CircumOp *, const expr::OpCall *, const expr::Call *, const expr::Closure *, const expr::Block *, const expr::Prefix *, const expr::Infix *, const expr::Suffix *, const expr::Exfix *, const expr::Operator *>, std::shared_ptr<Elements>, ListValue>> *>, std::identity>::__type>' requested here
   56 |   template <input_range _Rp, class _Proj = identity, indirect_unary_predicate<projected<iterator_t<_Rp>, _Proj>> _Pred>
      |                                                      ^~~~~~~~~~~~~~~~~~~~~~~~~~~~~~~~~~~~~~~~~~~~~~~~~~~~~~~~~~~
/Applications/Xcode.app/Contents/Developer/Platforms/MacOSX.platform/Developer/SDKs/MacOSX.sdk/usr/include/c++/v1/__algorithm/ranges_find_if.h:56:54: note: while substituting template arguments into constraint expression here
   56 |   template <input_range _Rp, class _Proj = identity, indirect_unary_predicate<projected<iterator_t<_Rp>, _Proj>> _Pred>
      |                                                      ^~~~~~~~~~~~~~~~~~~~~~~~~~~~~~~~~~~~~~~~~~~~~~~~~~~~~~~~~~~
./Interp/Interpreter.hxx:730:49: note: while checking constraint satisfaction for template 'operator()<std::vector<std::tuple<expr::Name, std::shared_ptr<type::Type>, std::variant<long, double, bool, std::string, expr::Closure, ClassValue, expr::Union, NameSpace, std::pair<ClassValue, std::shared_ptr<Dict>>, std::variant<const expr::Num *, const expr::Bool *, const expr::String *, const expr::Name *, const expr::List *, const expr::Map *, const expr::Expansion *, const expr::UnaryFold *, const expr::SeparatedUnaryFold *, const expr::BinaryFold *, const expr::Assignment *, const expr::Class *, const expr::Union *, const expr::Match *, const expr::Loop *, const expr::Break *, const expr::Continue *, const expr::Access *, const expr::Namespace *, const expr::Use *, const expr::SpaceAccess *, const expr::Grouping *, const expr::UnaryOp *, const expr::BinOp *, const expr::PostOp *, const expr::CircumOp *, const expr::OpCall *, const expr::Call *, const expr::Closure *, const expr::Block *, const expr::Prefix *, const expr::Infix *, const expr::Suffix *, const expr::Exfix *, const expr::Operator *>, std::shared_ptr<Elements>, ListValue>>> &, std::identity, (lambda at ./Interp/Interpreter.hxx:730:71)>' required here
  730 |         const auto& found = std::ranges::find_if(obj.second->members, [&name] (const auto& member) { return member.first.stringify() == name; });
      |                                                 ^
./Interp/Interpreter.hxx:730:49: note: in instantiation of function template specialization 'std::ranges::__find_if::__fn::operator()<std::vector<std::tuple<expr::Name, std::shared_ptr<type::Type>, std::variant<long, double, bool, std::string, expr::Closure, ClassValue, expr::Union, NameSpace, std::pair<ClassValue, std::shared_ptr<Dict>>, std::variant<const expr::Num *, const expr::Bool *, const expr::String *, const expr::Name *, const expr::List *, const expr::Map *, const expr::Expansion *, const expr::UnaryFold *, const expr::SeparatedUnaryFold *, const expr::BinaryFold *, const expr::Assignment *, const expr::Class *, const expr::Union *, const expr::Match *, const expr::Loop *, const expr::Break *, const expr::Continue *, const expr::Access *, const expr::Namespace *, const expr::Use *, const expr::SpaceAccess *, const expr::Grouping *, const expr::UnaryOp *, const expr::BinOp *, const expr::PostOp *, const expr::CircumOp *, const expr::OpCall *, const expr::Call *, const expr::Closure *, const expr::Block *, const expr::Prefix *, const expr::Infix *, const expr::Suffix *, const expr::Exfix *, const expr::Operator *>, std::shared_ptr<Elements>, ListValue>>> &, std::identity, (lambda at ./Interp/Interpreter.hxx:730:71)>' requested here
./Interp/Interpreter.hxx:730:29: error: no matching function for call to object of type 'const __find_if::__fn'
  730 |         const auto& found = std::ranges::find_if(obj.second->members, [&name] (const auto& member) { return member.first.stringify() == name; });
      |                             ^~~~~~~~~~~~~~~~~~~~
/Applications/Xcode.app/Contents/Developer/Platforms/MacOSX.platform/Developer/SDKs/MacOSX.sdk/usr/include/c++/v1/__algorithm/ranges_find_if.h:58:3: note: candidate template ignored: constraints not satisfied [with _Rp = std::vector<std::tuple<expr::Name, type::TypePtr, Value>> &, _Proj = identity, _Pred = (lambda at ./Interp/Interpreter.hxx:730:71)]
   58 |   operator()(_Rp&& __r, _Pred __pred, _Proj __proj = {}) const {
      |   ^
/Applications/Xcode.app/Contents/Developer/Platforms/MacOSX.platform/Developer/SDKs/MacOSX.sdk/usr/include/c++/v1/__algorithm/ranges_find_if.h:56:54: note: because 'indirect_unary_predicate<(lambda at ./Interp/Interpreter.hxx:730:71), projected<iterator_t<vector<tuple<Name, shared_ptr<Type>, variant<long, double, _Bool, string, Closure, ClassValue, Union, NameSpace, pair<ClassValue, shared_ptr<Dict> >, variant<const Num *, const Bool *, const String *, const Name *, const List *, const Map *, const Expansion *, const UnaryFold *, const SeparatedUnaryFold *, const BinaryFold *, const Assignment *, const Class *, const Union *, const Match *, const Loop *, const Break *, const Continue *, const Access *, const Namespace *, const Use *, const SpaceAccess *, const Grouping *, const UnaryOp *, const BinOp *, const PostOp *, const CircumOp *, const OpCall *, const Call *, const Closure *, const Block *, const Prefix *, const Infix *, const Suffix *, const Exfix *, const Operator *>, shared_ptr<Elements>, ListValue> >, allocator<tuple<Name, shared_ptr<Type>, variant<long, double, _Bool, string, Closure, ClassValue, Union, NameSpace, pair<ClassValue, shared_ptr<Dict> >, variant<const Num *, const Bool *, const String *, const Name *, const List *, const Map *, const Expansion *, const UnaryFold *, const SeparatedUnaryFold *, const BinaryFold *, const Assignment *, const Class *, const Union *, const Match *, const Loop *, const Break *, const Continue *, const Access *, const Namespace *, const Use *, const SpaceAccess *, const Grouping *, const UnaryOp *, const BinOp *, const PostOp *, const CircumOp *, const OpCall *, const Call *, const Closure *, const Block *, const Prefix *, const Infix *, const Suffix *, const Exfix *, const Operator *>, shared_ptr<Elements>, ListValue> > > > &>, identity> >' evaluated to false
   56 |   template <input_range _Rp, class _Proj = identity, indirect_unary_predicate<projected<iterator_t<_Rp>, _Proj>> _Pred>
      |                                                      ^
/Applications/Xcode.app/Contents/Developer/Platforms/MacOSX.platform/Developer/SDKs/MacOSX.sdk/usr/include/c++/v1/__iterator/concepts.h:191:60: note: because 'predicate<(lambda at ./Interp/Interpreter.hxx:730:71) &, iter_value_t<__type> &>' evaluated to false
  191 |     indirectly_readable<_It> && copy_constructible<_Fp> && predicate<_Fp&, iter_value_t<_It>&> &&
      |                                                            ^
/Applications/Xcode.app/Contents/Developer/Platforms/MacOSX.platform/Developer/SDKs/MacOSX.sdk/usr/include/c++/v1/__concepts/predicate.h:28:21: note: because 'regular_invocable<(lambda at ./Interp/Interpreter.hxx:730:71) &, std::tuple<expr::Name, std::shared_ptr<type::Type>, std::variant<long, double, _Bool, std::string, expr::Closure, ClassValue, expr::Union, NameSpace, std::pair<ClassValue, std::shared_ptr<Dict> >, std::variant<const expr::Num *, const expr::Bool *, const expr::String *, const expr::Name *, const expr::List *, const expr::Map *, const expr::Expansion *, const expr::UnaryFold *, const expr::SeparatedUnaryFold *, const expr::BinaryFold *, const expr::Assignment *, const expr::Class *, const expr::Union *, const expr::Match *, const expr::Loop *, const expr::Break *, const expr::Continue *, const expr::Access *, const expr::Namespace *, const expr::Use *, const expr::SpaceAccess *, const expr::Grouping *, const expr::UnaryOp *, const expr::BinOp *, const expr::PostOp *, const expr::CircumOp *, const expr::OpCall *, const expr::Call *, const expr::Closure *, const expr::Block *, const expr::Prefix *, const expr::Infix *, const expr::Suffix *, const expr::Exfix *, const expr::Operator *>, std::shared_ptr<Elements>, ListValue> > &>' evaluated to false
   28 | concept predicate = regular_invocable<_Fn, _Args...> && __boolean_testable<invoke_result_t<_Fn, _Args...>>;
      |                     ^
/Applications/Xcode.app/Contents/Developer/Platforms/MacOSX.platform/Developer/SDKs/MacOSX.sdk/usr/include/c++/v1/__concepts/invocable.h:34:29: note: because 'invocable<(lambda at ./Interp/Interpreter.hxx:730:71) &, std::tuple<expr::Name, std::shared_ptr<type::Type>, std::variant<long, double, _Bool, std::string, expr::Closure, ClassValue, expr::Union, NameSpace, std::pair<ClassValue, std::shared_ptr<Dict> >, std::variant<const expr::Num *, const expr::Bool *, const expr::String *, const expr::Name *, const expr::List *, const expr::Map *, const expr::Expansion *, const expr::UnaryFold *, const expr::SeparatedUnaryFold *, const expr::BinaryFold *, const expr::Assignment *, const expr::Class *, const expr::Union *, const expr::Match *, const expr::Loop *, const expr::Break *, const expr::Continue *, const expr::Access *, const expr::Namespace *, const expr::Use *, const expr::SpaceAccess *, const expr::Grouping *, const expr::UnaryOp *, const expr::BinOp *, const expr::PostOp *, const expr::CircumOp *, const expr::OpCall *, const expr::Call *, const expr::Closure *, const expr::Block *, const expr::Prefix *, const expr::Infix *, const expr::Suffix *, const expr::Exfix *, const expr::Operator *>, std::shared_ptr<Elements>, ListValue> > &>' evaluated to false
   34 | concept regular_invocable = invocable<_Fn, _Args...>;
      |                             ^
/Applications/Xcode.app/Contents/Developer/Platforms/MacOSX.platform/Developer/SDKs/MacOSX.sdk/usr/include/c++/v1/__concepts/invocable.h:28:3: note: because 'std::invoke(std::forward<_Fn>(__fn), std::forward<_Args>(__args)...)' would be invalid: no matching function for call to 'invoke'
   28 |   std::invoke(std::forward<_Fn>(__fn), std::forward<_Args>(__args)...); // not required to be equality preserving
      |   ^
/Applications/Xcode.app/Contents/Developer/Platforms/MacOSX.platform/Developer/SDKs/MacOSX.sdk/usr/include/c++/v1/__algorithm/ranges_find_if.h:52:3: note: candidate function template not viable: requires at least 3 arguments, but 2 were provided
   52 |   operator()(_Ip __first, _Sp __last, _Pred __pred, _Proj __proj = {}) const {
      |   ^          ~~~~~~~~~~~~~~~~~~~~~~~~~~~~~~~~~~~~~~~~~~~~~~~~~~~~~~~~
In file included from main.cc:10:
./Interp/Interpreter.hxx:788:21: error: no matching member function for call to 'push_back'
  788 |             members.push_back({{name, std::move(type)}, std::move(value)});
      |             ~~~~~~~~^~~~~~~~~
/Applications/Xcode.app/Contents/Developer/Platforms/MacOSX.platform/Developer/SDKs/MacOSX.sdk/usr/include/c++/v1/vector:637:60: note: candidate function not viable: cannot convert initializer list argument to 'const value_type' (aka 'const std::pair<expr::Name, std::variant<long, double, bool, std::string, expr::Closure, ClassValue, expr::Union, NameSpace, std::pair<ClassValue, std::shared_ptr<Dict>>, std::variant<const expr::Num *, const expr::Bool *, const expr::String *, const expr::Name *, const expr::List *, const expr::Map *, const expr::Expansion *, const expr::UnaryFold *, const expr::SeparatedUnaryFold *, const expr::BinaryFold *, const expr::Assignment *, const expr::Class *, const expr::Union *, const expr::Match *, const expr::Loop *, const expr::Break *, const expr::Continue *, const expr::Access *, const expr::Namespace *, const expr::Use *, const expr::SpaceAccess *, const expr::Grouping *, const expr::UnaryOp *, const expr::BinOp *, const expr::PostOp *, const expr::CircumOp *, const expr::OpCall *, const expr::Call *, const expr::Closure *, const expr::Block *, const expr::Prefix *, const expr::Infix *, const expr::Suffix *, const expr::Exfix *, const expr::Operator *>, std::shared_ptr<Elements>, ListValue>>')
  637 |   _LIBCPP_CONSTEXPR_SINCE_CXX20 _LIBCPP_HIDE_FROM_ABI void push_back(const_reference __x);
      |                                                            ^         ~~~~~~~~~~~~~~~~~~~
/Applications/Xcode.app/Contents/Developer/Platforms/MacOSX.platform/Developer/SDKs/MacOSX.sdk/usr/include/c++/v1/vector:639:60: note: candidate function not viable: cannot convert initializer list argument to 'value_type' (aka 'std::pair<expr::Name, std::variant<long, double, bool, std::string, expr::Closure, ClassValue, expr::Union, NameSpace, std::pair<ClassValue, std::shared_ptr<Dict>>, std::variant<const expr::Num *, const expr::Bool *, const expr::String *, const expr::Name *, const expr::List *, const expr::Map *, const expr::Expansion *, const expr::UnaryFold *, const expr::SeparatedUnaryFold *, const expr::BinaryFold *, const expr::Assignment *, const expr::Class *, const expr::Union *, const expr::Match *, const expr::Loop *, const expr::Break *, const expr::Continue *, const expr::Access *, const expr::Namespace *, const expr::Use *, const expr::SpaceAccess *, const expr::Grouping *, const expr::UnaryOp *, const expr::BinOp *, const expr::PostOp *, const expr::CircumOp *, const expr::OpCall *, const expr::Call *, const expr::Closure *, const expr::Block *, const expr::Prefix *, const expr::Infix *, const expr::Suffix *, const expr::Exfix *, const expr::Operator *>, std::shared_ptr<Elements>, ListValue>>')
  639 |   _LIBCPP_CONSTEXPR_SINCE_CXX20 _LIBCPP_HIDE_FROM_ABI void push_back(value_type&& __x);
      |                                                            ^         ~~~~~~~~~~~~~~~~
In file included from main.cc:10:
./Interp/Interpreter.hxx:805:26: error: type 'std::tuple<expr::Name, std::shared_ptr<type::Type>, std::variant<long, double, bool, std::string, expr::Closure, ClassValue, expr::Union, NameSpace, std::pair<ClassValue, std::shared_ptr<Dict>>, std::variant<const expr::Num *, const expr::Bool *, const expr::String *, const expr::Name *, const expr::List *, const expr::Map *, const expr::Expansion *, const expr::UnaryFold *, const expr::SeparatedUnaryFold *, const expr::BinaryFold *, const expr::Assignment *, const expr::Class *, const expr::Union *, const expr::Match *, const expr::Loop *, const expr::Break *, const expr::Continue *, const expr::Access *, const expr::Namespace *, const expr::Use *, const expr::SpaceAccess *, const expr::Grouping *, const expr::UnaryOp *, const expr::BinOp *, const expr::PostOp *, const expr::CircumOp *, const expr::OpCall *, const expr::Call *, const expr::Closure *, const expr::Block *, const expr::Prefix *, const expr::Infix *, const expr::Suffix *, const expr::Exfix *, const expr::Operator *>, std::shared_ptr<Elements>, ListValue>> const' decomposes into 3 elements, but only 2 names were provided
  805 |         for (const auto& [decl, value] : space.members->members)
      |                          ^
/Applications/Xcode.app/Contents/Developer/Platforms/MacOSX.platform/Developer/SDKs/MacOSX.sdk/usr/include/c++/v1/vector:569:64: note: selected 'begin' function with iterator type 'iterator' (aka '__wrap_iter<std::tuple<expr::Name, std::shared_ptr<type::Type>, std::variant<long, double, bool, std::string, expr::Closure, ClassValue, expr::Union, NameSpace, std::pair<ClassValue, std::shared_ptr<Dict>>, std::variant<const expr::Num *, const expr::Bool *, const expr::String *, const expr::Name *, const expr::List *, const expr::Map *, const expr::Expansion *, const expr::UnaryFold *, const expr::SeparatedUnaryFold *, const expr::BinaryFold *, const expr::Assignment *, const expr::Class *, const expr::Union *, const expr::Match *, const expr::Loop *, const expr::Break *, const expr::Continue *, const expr::Access *, const expr::Namespace *, const expr::Use *, const expr::SpaceAccess *, const expr::Grouping *, const expr::UnaryOp *, const expr::BinOp *, const expr::PostOp *, const expr::CircumOp *, const expr::OpCall *, const expr::Call *, const expr::Closure *, const expr::Block *, const expr::Prefix *, const expr::Infix *, const expr::Suffix *, const expr::Exfix *, const expr::Operator *>, std::shared_ptr<Elements>, ListValue>> *>')
  569 |   _LIBCPP_CONSTEXPR_SINCE_CXX20 _LIBCPP_HIDE_FROM_ABI iterator begin() _NOEXCEPT;
      |                                                                ^
In file included from main.cc:10:
./Interp/Interpreter.hxx:847:129: error: no member named 'first' in 'std::tuple<expr::Name, std::shared_ptr<type::Type>, std::variant<long, double, bool, std::string, expr::Closure, ClassValue, expr::Union, NameSpace, std::pair<ClassValue, std::shared_ptr<Dict>>, std::variant<const expr::Num *, const expr::Bool *, const expr::String *, const expr::Name *, const expr::List *, const expr::Map *, const expr::Expansion *, const expr::UnaryFold *, const expr::SeparatedUnaryFold *, const expr::BinaryFold *, const expr::Assignment *, const expr::Class *, const expr::Union *, const expr::Match *, const expr::Loop *, const expr::Break *, const expr::Continue *, const expr::Access *, const expr::Namespace *, const expr::Use *, const expr::SpaceAccess *, const expr::Grouping *, const expr::UnaryOp *, const expr::BinOp *, const expr::PostOp *, const expr::CircumOp *, const expr::OpCall *, const expr::Call *, const expr::Closure *, const expr::Block *, const expr::Prefix *, const expr::Infix *, const expr::Suffix *, const expr::Exfix *, const expr::Operator *>, std::shared_ptr<Elements>, ListValue>>'
  847 |         const auto& found = std::ranges::find_if(ns.members->members, [&name = sa->member] (const auto& member) { return member.first.stringify() == name; });
      |                                                                                                                          ~~~~~~ ^
/Applications/Xcode.app/Contents/Developer/Platforms/MacOSX.platform/Developer/SDKs/MacOSX.sdk/usr/include/c++/v1/__type_traits/invoke.h:341:10: note: in instantiation of function template specialization 'Visitor::operator()(const expr::SpaceAccess *)::(anonymous class)::operator()<std::tuple<expr::Name, std::shared_ptr<type::Type>, std::variant<long, double, bool, std::string, expr::Closure, ClassValue, expr::Union, NameSpace, std::pair<ClassValue, std::shared_ptr<Dict>>, std::variant<const expr::Num *, const expr::Bool *, const expr::String *, const expr::Name *, const expr::List *, const expr::Map *, const expr::Expansion *, const expr::UnaryFold *, const expr::SeparatedUnaryFold *, const expr::BinaryFold *, const expr::Assignment *, const expr::Class *, const expr::Union *, const expr::Match *, const expr::Loop *, const expr::Break *, const expr::Continue *, const expr::Access *, const expr::Namespace *, const expr::Use *, const expr::SpaceAccess *, const expr::Grouping *, const expr::UnaryOp *, const expr::BinOp *, const expr::PostOp *, const expr::CircumOp *, const expr::OpCall *, const expr::Call *, const expr::Closure *, const expr::Block *, const expr::Prefix *, const expr::Infix *, const expr::Suffix *, const expr::Exfix *, const expr::Operator *>, std::shared_ptr<Elements>, ListValue>>>' requested here
  341 | decltype(std::declval<_Fp>()(std::declval<_Args>()...))
      |          ^
/Applications/Xcode.app/Contents/Developer/Platforms/MacOSX.platform/Developer/SDKs/MacOSX.sdk/usr/include/c++/v1/__type_traits/invoke.h:351:19: note: while substituting deduced template arguments into function template '__invoke' [with _Fp = (lambda at ./Interp/Interpreter.hxx:847:71) &, _Args = <std::tuple<expr::Name, std::shared_ptr<type::Type>, std::variant<long, double, bool, std::string, expr::Closure, ClassValue, expr::Union, NameSpace, std::pair<ClassValue, std::shared_ptr<Dict>>, std::variant<const expr::Num *, const expr::Bool *, const expr::String *, const expr::Name *, const expr::List *, const expr::Map *, const expr::Expansion *, const expr::UnaryFold *, const expr::SeparatedUnaryFold *, const expr::BinaryFold *, const expr::Assignment *, const expr::Class *, const expr::Union *, const expr::Match *, const expr::Loop *, const expr::Break *, const expr::Continue *, const expr::Access *, const expr::Namespace *, const expr::Use *, const expr::SpaceAccess *, const expr::Grouping *, const expr::UnaryOp *, const expr::BinOp *, const expr::PostOp *, const expr::CircumOp *, const expr::OpCall *, const expr::Call *, const expr::Closure *, const expr::Block *, const expr::Prefix *, const expr::Infix *, const expr::Suffix *, const expr::Exfix *, const expr::Operator *>, std::shared_ptr<Elements>, ListValue>> &>]
  351 |   static decltype(std::__invoke(std::declval<_XFp>(), std::declval<_XArgs>()...)) __try_call(int);
      |                   ^
/Applications/Xcode.app/Contents/Developer/Platforms/MacOSX.platform/Developer/SDKs/MacOSX.sdk/usr/include/c++/v1/__type_traits/invoke.h:357:28: note: while substituting deduced template arguments into function template '__try_call' [with _XFp = (lambda at ./Interp/Interpreter.hxx:847:71) &, _XArgs = (no value)]
  357 |   using _Result = decltype(__try_call<_Fp, _Args...>(0));
      |                            ^
/Applications/Xcode.app/Contents/Developer/Platforms/MacOSX.platform/Developer/SDKs/MacOSX.sdk/usr/include/c++/v1/__type_traits/invoke.h:405:24: note: in instantiation of template class 'std::__invokable_r<void, (lambda at ./Interp/Interpreter.hxx:847:71) &, std::tuple<expr::Name, std::shared_ptr<type::Type>, std::variant<long, double, bool, std::string, expr::Closure, ClassValue, expr::Union, NameSpace, std::pair<ClassValue, std::shared_ptr<Dict>>, std::variant<const expr::Num *, const expr::Bool *, const expr::String *, const expr::Name *, const expr::List *, const expr::Map *, const expr::Expansion *, const expr::UnaryFold *, const expr::SeparatedUnaryFold *, const expr::BinaryFold *, const expr::Assignment *, const expr::Class *, const expr::Union *, const expr::Match *, const expr::Loop *, const expr::Break *, const expr::Continue *, const expr::Access *, const expr::Namespace *, const expr::Use *, const expr::SpaceAccess *, const expr::Grouping *, const expr::UnaryOp *, const expr::BinOp *, const expr::PostOp *, const expr::CircumOp *, const expr::OpCall *, const expr::Call *, const expr::Closure *, const expr::Block *, const expr::Prefix *, const expr::Infix *, const expr::Suffix *, const expr::Exfix *, const expr::Operator *>, std::shared_ptr<Elements>, ListValue>> &>' requested here
  405 |     : public enable_if<__invokable<_Fp, _Args...>::value, typename __invokable_r<void, _Fp, _Args...>::_Result> {};
      |                        ^
/Applications/Xcode.app/Contents/Developer/Platforms/MacOSX.platform/Developer/SDKs/MacOSX.sdk/usr/include/c++/v1/__type_traits/invoke.h:456:45: note: in instantiation of template class 'std::__invoke_of<(lambda at ./Interp/Interpreter.hxx:847:71) &, std::tuple<expr::Name, std::shared_ptr<type::Type>, std::variant<long, double, bool, std::string, expr::Closure, ClassValue, expr::Union, NameSpace, std::pair<ClassValue, std::shared_ptr<Dict>>, std::variant<const expr::Num *, const expr::Bool *, const expr::String *, const expr::Name *, const expr::List *, const expr::Map *, const expr::Expansion *, const expr::UnaryFold *, const expr::SeparatedUnaryFold *, const expr::BinaryFold *, const expr::Assignment *, const expr::Class *, const expr::Union *, const expr::Match *, const expr::Loop *, const expr::Break *, const expr::Continue *, const expr::Access *, const expr::Namespace *, const expr::Use *, const expr::SpaceAccess *, const expr::Grouping *, const expr::UnaryOp *, const expr::BinOp *, const expr::PostOp *, const expr::CircumOp *, const expr::OpCall *, const expr::Call *, const expr::Closure *, const expr::Block *, const expr::Prefix *, const expr::Infix *, const expr::Suffix *, const expr::Exfix *, const expr::Operator *>, std::shared_ptr<Elements>, ListValue>> &>' requested here
  456 | struct _LIBCPP_TEMPLATE_VIS invoke_result : __invoke_of<_Fn, _Args...> {};
      |                                             ^
/Applications/Xcode.app/Contents/Developer/Platforms/MacOSX.platform/Developer/SDKs/MacOSX.sdk/usr/include/c++/v1/__type_traits/invoke.h:459:1: note: (skipping 10 contexts in backtrace; use -ftemplate-backtrace-limit=0 to see all)
  459 | using invoke_result_t = typename invoke_result<_Fn, _Args...>::type;
      | ^
/Applications/Xcode.app/Contents/Developer/Platforms/MacOSX.platform/Developer/SDKs/MacOSX.sdk/usr/include/c++/v1/__iterator/concepts.h:191:60: note: while substituting template arguments into constraint expression here
  191 |     indirectly_readable<_It> && copy_constructible<_Fp> && predicate<_Fp&, iter_value_t<_It>&> &&
      |                                                            ^~~~~~~~~~~~~~~~~~~~~~~~~~~~~~~~~~~
/Applications/Xcode.app/Contents/Developer/Platforms/MacOSX.platform/Developer/SDKs/MacOSX.sdk/usr/include/c++/v1/__algorithm/ranges_find_if.h:56:54: note: while checking the satisfaction of concept 'indirect_unary_predicate<(lambda at ./Interp/Interpreter.hxx:847:71), std::__projected_impl<std::__wrap_iter<std::tuple<expr::Name, std::shared_ptr<type::Type>, std::variant<long, double, bool, std::string, expr::Closure, ClassValue, expr::Union, NameSpace, std::pair<ClassValue, std::shared_ptr<Dict>>, std::variant<const expr::Num *, const expr::Bool *, const expr::String *, const expr::Name *, const expr::List *, const expr::Map *, const expr::Expansion *, const expr::UnaryFold *, const expr::SeparatedUnaryFold *, const expr::BinaryFold *, const expr::Assignment *, const expr::Class *, const expr::Union *, const expr::Match *, const expr::Loop *, const expr::Break *, const expr::Continue *, const expr::Access *, const expr::Namespace *, const expr::Use *, const expr::SpaceAccess *, const expr::Grouping *, const expr::UnaryOp *, const expr::BinOp *, const expr::PostOp *, const expr::CircumOp *, const expr::OpCall *, const expr::Call *, const expr::Closure *, const expr::Block *, const expr::Prefix *, const expr::Infix *, const expr::Suffix *, const expr::Exfix *, const expr::Operator *>, std::shared_ptr<Elements>, ListValue>> *>, std::identity>::__type>' requested here
   56 |   template <input_range _Rp, class _Proj = identity, indirect_unary_predicate<projected<iterator_t<_Rp>, _Proj>> _Pred>
      |                                                      ^~~~~~~~~~~~~~~~~~~~~~~~~~~~~~~~~~~~~~~~~~~~~~~~~~~~~~~~~~~
/Applications/Xcode.app/Contents/Developer/Platforms/MacOSX.platform/Developer/SDKs/MacOSX.sdk/usr/include/c++/v1/__algorithm/ranges_find_if.h:56:54: note: while substituting template arguments into constraint expression here
   56 |   template <input_range _Rp, class _Proj = identity, indirect_unary_predicate<projected<iterator_t<_Rp>, _Proj>> _Pred>
      |                                                      ^~~~~~~~~~~~~~~~~~~~~~~~~~~~~~~~~~~~~~~~~~~~~~~~~~~~~~~~~~~
./Interp/Interpreter.hxx:847:49: note: while checking constraint satisfaction for template 'operator()<std::vector<std::tuple<expr::Name, std::shared_ptr<type::Type>, std::variant<long, double, bool, std::string, expr::Closure, ClassValue, expr::Union, NameSpace, std::pair<ClassValue, std::shared_ptr<Dict>>, std::variant<const expr::Num *, const expr::Bool *, const expr::String *, const expr::Name *, const expr::List *, const expr::Map *, const expr::Expansion *, const expr::UnaryFold *, const expr::SeparatedUnaryFold *, const expr::BinaryFold *, const expr::Assignment *, const expr::Class *, const expr::Union *, const expr::Match *, const expr::Loop *, const expr::Break *, const expr::Continue *, const expr::Access *, const expr::Namespace *, const expr::Use *, const expr::SpaceAccess *, const expr::Grouping *, const expr::UnaryOp *, const expr::BinOp *, const expr::PostOp *, const expr::CircumOp *, const expr::OpCall *, const expr::Call *, const expr::Closure *, const expr::Block *, const expr::Prefix *, const expr::Infix *, const expr::Suffix *, const expr::Exfix *, const expr::Operator *>, std::shared_ptr<Elements>, ListValue>>> &, std::identity, (lambda at ./Interp/Interpreter.hxx:847:71)>' required here
  847 |         const auto& found = std::ranges::find_if(ns.members->members, [&name = sa->member] (const auto& member) { return member.first.stringify() == name; });
      |                                                 ^
./Interp/Interpreter.hxx:847:49: note: in instantiation of function template specialization 'std::ranges::__find_if::__fn::operator()<std::vector<std::tuple<expr::Name, std::shared_ptr<type::Type>, std::variant<long, double, bool, std::string, expr::Closure, ClassValue, expr::Union, NameSpace, std::pair<ClassValue, std::shared_ptr<Dict>>, std::variant<const expr::Num *, const expr::Bool *, const expr::String *, const expr::Name *, const expr::List *, const expr::Map *, const expr::Expansion *, const expr::UnaryFold *, const expr::SeparatedUnaryFold *, const expr::BinaryFold *, const expr::Assignment *, const expr::Class *, const expr::Union *, const expr::Match *, const expr::Loop *, const expr::Break *, const expr::Continue *, const expr::Access *, const expr::Namespace *, const expr::Use *, const expr::SpaceAccess *, const expr::Grouping *, const expr::UnaryOp *, const expr::BinOp *, const expr::PostOp *, const expr::CircumOp *, const expr::OpCall *, const expr::Call *, const expr::Closure *, const expr::Block *, const expr::Prefix *, const expr::Infix *, const expr::Suffix *, const expr::Exfix *, const expr::Operator *>, std::shared_ptr<Elements>, ListValue>>> &, std::identity, (lambda at ./Interp/Interpreter.hxx:847:71)>' requested here
./Interp/Interpreter.hxx:847:29: error: no matching function for call to object of type 'const __find_if::__fn'
  847 |         const auto& found = std::ranges::find_if(ns.members->members, [&name = sa->member] (const auto& member) { return member.first.stringify() == name; });
      |                             ^~~~~~~~~~~~~~~~~~~~
/Applications/Xcode.app/Contents/Developer/Platforms/MacOSX.platform/Developer/SDKs/MacOSX.sdk/usr/include/c++/v1/__algorithm/ranges_find_if.h:58:3: note: candidate template ignored: constraints not satisfied [with _Rp = std::vector<std::tuple<expr::Name, type::TypePtr, Value>> &, _Proj = identity, _Pred = (lambda at ./Interp/Interpreter.hxx:847:71)]
   58 |   operator()(_Rp&& __r, _Pred __pred, _Proj __proj = {}) const {
      |   ^
/Applications/Xcode.app/Contents/Developer/Platforms/MacOSX.platform/Developer/SDKs/MacOSX.sdk/usr/include/c++/v1/__algorithm/ranges_find_if.h:56:54: note: because 'indirect_unary_predicate<(lambda at ./Interp/Interpreter.hxx:847:71), projected<iterator_t<vector<tuple<Name, shared_ptr<Type>, variant<long, double, _Bool, string, Closure, ClassValue, Union, NameSpace, pair<ClassValue, shared_ptr<Dict> >, variant<const Num *, const Bool *, const String *, const Name *, const List *, const Map *, const Expansion *, const UnaryFold *, const SeparatedUnaryFold *, const BinaryFold *, const Assignment *, const Class *, const Union *, const Match *, const Loop *, const Break *, const Continue *, const Access *, const Namespace *, const Use *, const SpaceAccess *, const Grouping *, const UnaryOp *, const BinOp *, const PostOp *, const CircumOp *, const OpCall *, const Call *, const Closure *, const Block *, const Prefix *, const Infix *, const Suffix *, const Exfix *, const Operator *>, shared_ptr<Elements>, ListValue> >, allocator<tuple<Name, shared_ptr<Type>, variant<long, double, _Bool, string, Closure, ClassValue, Union, NameSpace, pair<ClassValue, shared_ptr<Dict> >, variant<const Num *, const Bool *, const String *, const Name *, const List *, const Map *, const Expansion *, const UnaryFold *, const SeparatedUnaryFold *, const BinaryFold *, const Assignment *, const Class *, const Union *, const Match *, const Loop *, const Break *, const Continue *, const Access *, const Namespace *, const Use *, const SpaceAccess *, const Grouping *, const UnaryOp *, const BinOp *, const PostOp *, const CircumOp *, const OpCall *, const Call *, const Closure *, const Block *, const Prefix *, const Infix *, const Suffix *, const Exfix *, const Operator *>, shared_ptr<Elements>, ListValue> > > > &>, identity> >' evaluated to false
   56 |   template <input_range _Rp, class _Proj = identity, indirect_unary_predicate<projected<iterator_t<_Rp>, _Proj>> _Pred>
      |                                                      ^
/Applications/Xcode.app/Contents/Developer/Platforms/MacOSX.platform/Developer/SDKs/MacOSX.sdk/usr/include/c++/v1/__iterator/concepts.h:191:60: note: because 'predicate<(lambda at ./Interp/Interpreter.hxx:847:71) &, iter_value_t<__type> &>' evaluated to false
  191 |     indirectly_readable<_It> && copy_constructible<_Fp> && predicate<_Fp&, iter_value_t<_It>&> &&
      |                                                            ^
/Applications/Xcode.app/Contents/Developer/Platforms/MacOSX.platform/Developer/SDKs/MacOSX.sdk/usr/include/c++/v1/__concepts/predicate.h:28:21: note: because 'regular_invocable<(lambda at ./Interp/Interpreter.hxx:847:71) &, std::tuple<expr::Name, std::shared_ptr<type::Type>, std::variant<long, double, _Bool, std::string, expr::Closure, ClassValue, expr::Union, NameSpace, std::pair<ClassValue, std::shared_ptr<Dict> >, std::variant<const expr::Num *, const expr::Bool *, const expr::String *, const expr::Name *, const expr::List *, const expr::Map *, const expr::Expansion *, const expr::UnaryFold *, const expr::SeparatedUnaryFold *, const expr::BinaryFold *, const expr::Assignment *, const expr::Class *, const expr::Union *, const expr::Match *, const expr::Loop *, const expr::Break *, const expr::Continue *, const expr::Access *, const expr::Namespace *, const expr::Use *, const expr::SpaceAccess *, const expr::Grouping *, const expr::UnaryOp *, const expr::BinOp *, const expr::PostOp *, const expr::CircumOp *, const expr::OpCall *, const expr::Call *, const expr::Closure *, const expr::Block *, const expr::Prefix *, const expr::Infix *, const expr::Suffix *, const expr::Exfix *, const expr::Operator *>, std::shared_ptr<Elements>, ListValue> > &>' evaluated to false
   28 | concept predicate = regular_invocable<_Fn, _Args...> && __boolean_testable<invoke_result_t<_Fn, _Args...>>;
      |                     ^
/Applications/Xcode.app/Contents/Developer/Platforms/MacOSX.platform/Developer/SDKs/MacOSX.sdk/usr/include/c++/v1/__concepts/invocable.h:34:29: note: because 'invocable<(lambda at ./Interp/Interpreter.hxx:847:71) &, std::tuple<expr::Name, std::shared_ptr<type::Type>, std::variant<long, double, _Bool, std::string, expr::Closure, ClassValue, expr::Union, NameSpace, std::pair<ClassValue, std::shared_ptr<Dict> >, std::variant<const expr::Num *, const expr::Bool *, const expr::String *, const expr::Name *, const expr::List *, const expr::Map *, const expr::Expansion *, const expr::UnaryFold *, const expr::SeparatedUnaryFold *, const expr::BinaryFold *, const expr::Assignment *, const expr::Class *, const expr::Union *, const expr::Match *, const expr::Loop *, const expr::Break *, const expr::Continue *, const expr::Access *, const expr::Namespace *, const expr::Use *, const expr::SpaceAccess *, const expr::Grouping *, const expr::UnaryOp *, const expr::BinOp *, const expr::PostOp *, const expr::CircumOp *, const expr::OpCall *, const expr::Call *, const expr::Closure *, const expr::Block *, const expr::Prefix *, const expr::Infix *, const expr::Suffix *, const expr::Exfix *, const expr::Operator *>, std::shared_ptr<Elements>, ListValue> > &>' evaluated to false
   34 | concept regular_invocable = invocable<_Fn, _Args...>;
      |                             ^
/Applications/Xcode.app/Contents/Developer/Platforms/MacOSX.platform/Developer/SDKs/MacOSX.sdk/usr/include/c++/v1/__concepts/invocable.h:28:3: note: because 'std::invoke(std::forward<_Fn>(__fn), std::forward<_Args>(__args)...)' would be invalid: no matching function for call to 'invoke'
   28 |   std::invoke(std::forward<_Fn>(__fn), std::forward<_Args>(__args)...); // not required to be equality preserving
      |   ^
/Applications/Xcode.app/Contents/Developer/Platforms/MacOSX.platform/Developer/SDKs/MacOSX.sdk/usr/include/c++/v1/__algorithm/ranges_find_if.h:52:3: note: candidate function template not viable: requires at least 3 arguments, but 2 were provided
   52 |   operator()(_Ip __first, _Sp __last, _Pred __pred, _Proj __proj = {}) const {
      |   ^          ~~~~~~~~~~~~~~~~~~~~~~~~~~~~~~~~~~~~~~~~~~~~~~~~~~~~~~~~
In file included from main.cc:10:
./Interp/Interpreter.hxx:856:30: error: type 'std::tuple<expr::Name, std::shared_ptr<type::Type>, std::variant<long, double, bool, std::string, expr::Closure, ClassValue, expr::Union, NameSpace, std::pair<ClassValue, std::shared_ptr<Dict>>, std::variant<const expr::Num *, const expr::Bool *, const expr::String *, const expr::Name *, const expr::List *, const expr::Map *, const expr::Expansion *, const expr::UnaryFold *, const expr::SeparatedUnaryFold *, const expr::BinaryFold *, const expr::Assignment *, const expr::Class *, const expr::Union *, const expr::Match *, const expr::Loop *, const expr::Break *, const expr::Continue *, const expr::Access *, const expr::Namespace *, const expr::Use *, const expr::SpaceAccess *, const expr::Grouping *, const expr::UnaryOp *, const expr::BinOp *, const expr::PostOp *, const expr::CircumOp *, const expr::OpCall *, const expr::Call *, const expr::Closure *, const expr::Block *, const expr::Prefix *, const expr::Infix *, const expr::Suffix *, const expr::Exfix *, const expr::Operator *>, std::shared_ptr<Elements>, ListValue>> const' decomposes into 3 elements, but only 2 names were provided
  856 |             for (const auto& [name, value] : ns.members->members)
      |                              ^
/Applications/Xcode.app/Contents/Developer/Platforms/MacOSX.platform/Developer/SDKs/MacOSX.sdk/usr/include/c++/v1/vector:569:64: note: selected 'begin' function with iterator type 'iterator' (aka '__wrap_iter<std::tuple<expr::Name, std::shared_ptr<type::Type>, std::variant<long, double, bool, std::string, expr::Closure, ClassValue, expr::Union, NameSpace, std::pair<ClassValue, std::shared_ptr<Dict>>, std::variant<const expr::Num *, const expr::Bool *, const expr::String *, const expr::Name *, const expr::List *, const expr::Map *, const expr::Expansion *, const expr::UnaryFold *, const expr::SeparatedUnaryFold *, const expr::BinaryFold *, const expr::Assignment *, const expr::Class *, const expr::Union *, const expr::Match *, const expr::Loop *, const expr::Break *, const expr::Continue *, const expr::Access *, const expr::Namespace *, const expr::Use *, const expr::SpaceAccess *, const expr::Grouping *, const expr::UnaryOp *, const expr::BinOp *, const expr::PostOp *, const expr::CircumOp *, const expr::OpCall *, const expr::Call *, const expr::Closure *, const expr::Block *, const expr::Prefix *, const expr::Infix *, const expr::Suffix *, const expr::Exfix *, const expr::Operator *>, std::shared_ptr<Elements>, ListValue>> *>')
  569 |   _LIBCPP_CONSTEXPR_SINCE_CXX20 _LIBCPP_HIDE_FROM_ABI iterator begin() _NOEXCEPT;
      |                                                                ^
In file included from main.cc:10:
./Interp/Interpreter.hxx:909:34: error: no member named 'second' in 'std::tuple<expr::Name, std::shared_ptr<type::Type>, std::variant<long, double, bool, std::string, expr::Closure, ClassValue, expr::Union, NameSpace, std::pair<ClassValue, std::shared_ptr<Dict>>, std::variant<const expr::Num *, const expr::Bool *, const expr::String *, const expr::Name *, const expr::List *, const expr::Map *, const expr::Expansion *, const expr::UnaryFold *, const expr::SeparatedUnaryFold *, const expr::BinaryFold *, const expr::Assignment *, const expr::Class *, const expr::Union *, const expr::Match *, const expr::Loop *, const expr::Break *, const expr::Continue *, const expr::Access *, const expr::Namespace *, const expr::Use *, const expr::SpaceAccess *, const expr::Grouping *, const expr::UnaryOp *, const expr::BinOp *, const expr::PostOp *, const expr::CircumOp *, const expr::OpCall *, const expr::Call *, const expr::Closure *, const expr::Block *, const expr::Prefix *, const expr::Infix *, const expr::Suffix *, const expr::Exfix *, const expr::Operator *>, std::shared_ptr<Elements>, ListValue>>'
  909 |             if (not match(member.second, *pat)) return false;
      |                           ~~~~~~ ^
./Interp/Interpreter.hxx:2016:46: error: no member named 'first' in 'std::tuple<expr::Name, std::shared_ptr<type::Type>, std::variant<long, double, bool, std::string, expr::Closure, ClassValue, expr::Union, NameSpace, std::pair<ClassValue, std::shared_ptr<Dict>>, std::variant<const expr::Num *, const expr::Bool *, const expr::String *, const expr::Name *, const expr::List *, const expr::Map *, const expr::Expansion *, const expr::UnaryFold *, const expr::SeparatedUnaryFold *, const expr::BinaryFold *, const expr::Assignment *, const expr::Class *, const expr::Union *, const expr::Match *, const expr::Loop *, const expr::Break *, const expr::Continue *, const expr::Access *, const expr::Namespace *, const expr::Use *, const expr::SpaceAccess *, const expr::Grouping *, const expr::UnaryOp *, const expr::BinOp *, const expr::PostOp *, const expr::CircumOp *, const expr::OpCall *, const expr::Call *, const expr::Closure *, const expr::Block *, const expr::Prefix *, const expr::Infix *, const expr::Suffix *, const expr::Exfix *, const expr::Operator *>, std::shared_ptr<Elements>, ListValue>>'
 2016 |             if (not (*obj.second->members[i].first.type >= *typeOf(v)))
      |                       ~~~~~~~~~~~~~~~~~~~~~~ ^
./Interp/Interpreter.hxx:2019:44: error: no member named 'first' in 'std::tuple<expr::Name, std::shared_ptr<type::Type>, std::variant<long, double, bool, std::string, expr::Closure, ClassValue, expr::Union, NameSpace, std::pair<ClassValue, std::shared_ptr<Dict>>, std::variant<const expr::Num *, const expr::Bool *, const expr::String *, const expr::Name *, const expr::List *, const expr::Map *, const expr::Expansion *, const expr::UnaryFold *, const expr::SeparatedUnaryFold *, const expr::BinaryFold *, const expr::Assignment *, const expr::Class *, const expr::Union *, const expr::Match *, const expr::Loop *, const expr::Break *, const expr::Continue *, const expr::Access *, const expr::Namespace *, const expr::Use *, const expr::SpaceAccess *, const expr::Grouping *, const expr::UnaryOp *, const expr::BinOp *, const expr::PostOp *, const expr::CircumOp *, const expr::OpCall *, const expr::Call *, const expr::Closure *, const expr::Block *, const expr::Prefix *, const expr::Infix *, const expr::Suffix *, const expr::Exfix *, const expr::Operator *>, std::shared_ptr<Elements>, ListValue>>'
 2019 |                     obj.second->members[i].first.stringify() + "` expected: " + obj.second->members[i].first.type->text() +
      |                     ~~~~~~~~~~~~~~~~~~~~~~ ^
./Interp/Interpreter.hxx:2019:104: error: no member named 'first' in 'std::tuple<expr::Name, std::shared_ptr<type::Type>, std::variant<long, double, bool, std::string, expr::Closure, ClassValue, expr::Union, NameSpace, std::pair<ClassValue, std::shared_ptr<Dict>>, std::variant<const expr::Num *, const expr::Bool *, const expr::String *, const expr::Name *, const expr::List *, const expr::Map *, const expr::Expansion *, const expr::UnaryFold *, const expr::SeparatedUnaryFold *, const expr::BinaryFold *, const expr::Assignment *, const expr::Class *, const expr::Union *, const expr::Match *, const expr::Loop *, const expr::Break *, const expr::Continue *, const expr::Access *, const expr::Namespace *, const expr::Use *, const expr::SpaceAccess *, const expr::Grouping *, const expr::UnaryOp *, const expr::BinOp *, const expr::PostOp *, const expr::CircumOp *, const expr::OpCall *, const expr::Call *, const expr::Closure *, const expr::Block *, const expr::Prefix *, const expr::Infix *, const expr::Suffix *, const expr::Exfix *, const expr::Operator *>, std::shared_ptr<Elements>, ListValue>>'
 2019 |                     obj.second->members[i].first.stringify() + "` expected: " + obj.second->members[i].first.type->text() +
      |                                                                                 ~~~~~~~~~~~~~~~~~~~~~~ ^
./Interp/Interpreter.hxx:2023:36: error: no member named 'second' in 'std::tuple<expr::Name, std::shared_ptr<type::Type>, std::variant<long, double, bool, std::string, expr::Closure, ClassValue, expr::Union, NameSpace, std::pair<ClassValue, std::shared_ptr<Dict>>, std::variant<const expr::Num *, const expr::Bool *, const expr::String *, const expr::Name *, const expr::List *, const expr::Map *, const expr::Expansion *, const expr::UnaryFold *, const expr::SeparatedUnaryFold *, const expr::BinaryFold *, const expr::Assignment *, const expr::Class *, const expr::Union *, const expr::Match *, const expr::Loop *, const expr::Break *, const expr::Continue *, const expr::Access *, const expr::Namespace *, const expr::Use *, const expr::SpaceAccess *, const expr::Grouping *, const expr::UnaryOp *, const expr::BinOp *, const expr::PostOp *, const expr::CircumOp *, const expr::OpCall *, const expr::Call *, const expr::Closure *, const expr::Block *, const expr::Prefix *, const expr::Infix *, const expr::Suffix *, const expr::Exfix *, const expr::Operator *>, std::shared_ptr<Elements>, ListValue>>'
 2023 |             obj.second->members[i].second = v;
      |             ~~~~~~~~~~~~~~~~~~~~~~ ^
In file included from main.cc:1:
In file included from /Applications/Xcode.app/Contents/Developer/Platforms/MacOSX.platform/Developer/SDKs/MacOSX.sdk/usr/include/c++/v1/print:38:
In file included from /Applications/Xcode.app/Contents/Developer/Platforms/MacOSX.platform/Developer/SDKs/MacOSX.sdk/usr/include/c++/v1/__system_error/system_error.h:14:
In file included from /Applications/Xcode.app/Contents/Developer/Platforms/MacOSX.platform/Developer/SDKs/MacOSX.sdk/usr/include/c++/v1/__system_error/error_category.h:15:
In file included from /Applications/Xcode.app/Contents/Developer/Platforms/MacOSX.platform/Developer/SDKs/MacOSX.sdk/usr/include/c++/v1/string:587:
In file included from /Applications/Xcode.app/Contents/Developer/Platforms/MacOSX.platform/Developer/SDKs/MacOSX.sdk/usr/include/c++/v1/__memory/allocate_at_least.h:13:
/Applications/Xcode.app/Contents/Developer/Platforms/MacOSX.platform/Developer/SDKs/MacOSX.sdk/usr/include/c++/v1/__memory/allocator_traits.h:305:5: error: no matching function for call to '__construct_at'
  305 |     std::__construct_at(__p, std::forward<_Args>(__args)...);
      |     ^~~~~~~~~~~~~~~~~~~
/Applications/Xcode.app/Contents/Developer/Platforms/MacOSX.platform/Developer/SDKs/MacOSX.sdk/usr/include/c++/v1/__memory/shared_ptr.h:265:33: note: in instantiation of function template specialization 'std::allocator_traits<std::allocator<expr::Name>>::construct<expr::Name, std::string &, std::shared_ptr<type::Type>, void, void>' requested here
  265 |     allocator_traits<_TpAlloc>::construct(__tmp, __get_elem(), std::forward<_Args>(__args)...);
      |                                 ^
/Applications/Xcode.app/Contents/Developer/Platforms/MacOSX.platform/Developer/SDKs/MacOSX.sdk/usr/include/c++/v1/__memory/shared_ptr.h:823:51: note: in instantiation of function template specialization 'std::__shared_ptr_emplace<expr::Name, std::allocator<expr::Name>>::__shared_ptr_emplace<std::string &, std::shared_ptr<type::Type>, std::allocator<expr::Name>, 0>' requested here
  823 |   ::new ((void*)std::addressof(*__guard.__get())) _ControlBlock(__a, std::forward<_Args>(__args)...);
      |                                                   ^
/Applications/Xcode.app/Contents/Developer/Platforms/MacOSX.platform/Developer/SDKs/MacOSX.sdk/usr/include/c++/v1/__memory/shared_ptr.h:831:15: note: in instantiation of function template specialization 'std::allocate_shared<expr::Name, std::allocator<expr::Name>, std::string &, std::shared_ptr<type::Type>, void>' requested here
  831 |   return std::allocate_shared<_Tp>(allocator<_Tp>(), std::forward<_Args>(__args)...);
      |               ^
./Parser/Parser.hxx:889:25: note: in instantiation of function template specialization 'std::make_shared<expr::Name, std::string &, std::shared_ptr<type::Type>, void>' requested here
  889 |             return std::make_shared<expr::Name>(token.text, std::move(type));
      |                         ^
/Applications/Xcode.app/Contents/Developer/Platforms/MacOSX.platform/Developer/SDKs/MacOSX.sdk/usr/include/c++/v1/__memory/construct_at.h:47:46: note: candidate template ignored: substitution failure [with _Tp = expr::Name, _Args = <std::string &, std::shared_ptr<type::Type>>]: no matching constructor for initialization of 'expr::Name'
   46 | template <class _Tp, class... _Args, class = decltype(::new(std::declval<void*>()) _Tp(std::declval<_Args>()...))>
      |                                                                                    ~~~
   47 | _LIBCPP_HIDE_FROM_ABI _LIBCPP_CONSTEXPR _Tp* __construct_at(_Tp* __location, _Args&&... __args) {
      |                                              ^
In file included from main.cc:1:
In file included from /Applications/Xcode.app/Contents/Developer/Platforms/MacOSX.platform/Developer/SDKs/MacOSX.sdk/usr/include/c++/v1/print:38:
In file included from /Applications/Xcode.app/Contents/Developer/Platforms/MacOSX.platform/Developer/SDKs/MacOSX.sdk/usr/include/c++/v1/__system_error/system_error.h:14:
In file included from /Applications/Xcode.app/Contents/Developer/Platforms/MacOSX.platform/Developer/SDKs/MacOSX.sdk/usr/include/c++/v1/__system_error/error_category.h:15:
In file included from /Applications/Xcode.app/Contents/Developer/Platforms/MacOSX.platform/Developer/SDKs/MacOSX.sdk/usr/include/c++/v1/string:587:
In file included from /Applications/Xcode.app/Contents/Developer/Platforms/MacOSX.platform/Developer/SDKs/MacOSX.sdk/usr/include/c++/v1/__memory/allocate_at_least.h:13:
/Applications/Xcode.app/Contents/Developer/Platforms/MacOSX.platform/Developer/SDKs/MacOSX.sdk/usr/include/c++/v1/__memory/allocator_traits.h:305:5: error: no matching function for call to '__construct_at'
  305 |     std::__construct_at(__p, std::forward<_Args>(__args)...);
      |     ^~~~~~~~~~~~~~~~~~~
/Applications/Xcode.app/Contents/Developer/Platforms/MacOSX.platform/Developer/SDKs/MacOSX.sdk/usr/include/c++/v1/__memory/shared_ptr.h:265:33: note: in instantiation of function template specialization 'std::allocator_traits<std::allocator<Dict>>::construct<Dict, std::vector<std::pair<expr::Name, std::variant<long, double, bool, std::string, expr::Closure, ClassValue, expr::Union, NameSpace, std::pair<ClassValue, std::shared_ptr<Dict>>, std::variant<const expr::Num *, const expr::Bool *, const expr::String *, const expr::Name *, const expr::List *, const expr::Map *, const expr::Expansion *, const expr::UnaryFold *, const expr::SeparatedUnaryFold *, const expr::BinaryFold *, const expr::Assignment *, const expr::Class *, const expr::Union *, const expr::Match *, const expr::Loop *, const expr::Break *, const expr::Continue *, const expr::Access *, const expr::Namespace *, const expr::Use *, const expr::SpaceAccess *, const expr::Grouping *, const expr::UnaryOp *, const expr::BinOp *, const expr::PostOp *, const expr::CircumOp *, const expr::OpCall *, const expr::Call *, const expr::Closure *, const expr::Block *, const expr::Prefix *, const expr::Infix *, const expr::Suffix *, const expr::Exfix *, const expr::Operator *>, std::shared_ptr<Elements>, ListValue>>>, void, void>' requested here
  265 |     allocator_traits<_TpAlloc>::construct(__tmp, __get_elem(), std::forward<_Args>(__args)...);
      |                                 ^
/Applications/Xcode.app/Contents/Developer/Platforms/MacOSX.platform/Developer/SDKs/MacOSX.sdk/usr/include/c++/v1/__memory/shared_ptr.h:823:51: note: in instantiation of function template specialization 'std::__shared_ptr_emplace<Dict, std::allocator<Dict>>::__shared_ptr_emplace<std::vector<std::pair<expr::Name, std::variant<long, double, bool, std::string, expr::Closure, ClassValue, expr::Union, NameSpace, std::pair<ClassValue, std::shared_ptr<Dict>>, std::variant<const expr::Num *, const expr::Bool *, const expr::String *, const expr::Name *, const expr::List *, const expr::Map *, const expr::Expansion *, const expr::UnaryFold *, const expr::SeparatedUnaryFold *, const expr::BinaryFold *, const expr::Assignment *, const expr::Class *, const expr::Union *, const expr::Match *, const expr::Loop *, const expr::Break *, const expr::Continue *, const expr::Access *, const expr::Namespace *, const expr::Use *, const expr::SpaceAccess *, const expr::Grouping *, const expr::UnaryOp *, const expr::BinOp *, const expr::PostOp *, const expr::CircumOp *, const expr::OpCall *, const expr::Call *, const expr::Closure *, const expr::Block *, const expr::Prefix *, const expr::Infix *, const expr::Suffix *, const expr::Exfix *, const expr::Operator *>, std::shared_ptr<Elements>, ListValue>>>, std::allocator<Dict>, 0>' requested here
  823 |   ::new ((void*)std::addressof(*__guard.__get())) _ControlBlock(__a, std::forward<_Args>(__args)...);
      |                                                   ^
/Applications/Xcode.app/Contents/Developer/Platforms/MacOSX.platform/Developer/SDKs/MacOSX.sdk/usr/include/c++/v1/__memory/shared_ptr.h:831:15: note: in instantiation of function template specialization 'std::allocate_shared<Dict, std::allocator<Dict>, std::vector<std::pair<expr::Name, std::variant<long, double, bool, std::string, expr::Closure, ClassValue, expr::Union, NameSpace, std::pair<ClassValue, std::shared_ptr<Dict>>, std::variant<const expr::Num *, const expr::Bool *, const expr::String *, const expr::Name *, const expr::List *, const expr::Map *, const expr::Expansion *, const expr::UnaryFold *, const expr::SeparatedUnaryFold *, const expr::BinaryFold *, const expr::Assignment *, const expr::Class *, const expr::Union *, const expr::Match *, const expr::Loop *, const expr::Break *, const expr::Continue *, const expr::Access *, const expr::Namespace *, const expr::Use *, const expr::SpaceAccess *, const expr::Grouping *, const expr::UnaryOp *, const expr::BinOp *, const expr::PostOp *, const expr::CircumOp *, const expr::OpCall *, const expr::Call *, const expr::Closure *, const expr::Block *, const expr::Prefix *, const expr::Infix *, const expr::Suffix *, const expr::Exfix *, const expr::Operator *>, std::shared_ptr<Elements>, ListValue>>>, void>' requested here
  831 |   return std::allocate_shared<_Tp>(allocator<_Tp>(), std::forward<_Args>(__args)...);
      |               ^
./Interp/Interpreter.hxx:793:31: note: in instantiation of function template specialization 'std::make_shared<Dict, std::vector<std::pair<expr::Name, std::variant<long, double, bool, std::string, expr::Closure, ClassValue, expr::Union, NameSpace, std::pair<ClassValue, std::shared_ptr<Dict>>, std::variant<const expr::Num *, const expr::Bool *, const expr::String *, const expr::Name *, const expr::List *, const expr::Map *, const expr::Expansion *, const expr::UnaryFold *, const expr::SeparatedUnaryFold *, const expr::BinaryFold *, const expr::Assignment *, const expr::Class *, const expr::Union *, const expr::Match *, const expr::Loop *, const expr::Break *, const expr::Continue *, const expr::Access *, const expr::Namespace *, const expr::Use *, const expr::SpaceAccess *, const expr::Grouping *, const expr::UnaryOp *, const expr::BinOp *, const expr::PostOp *, const expr::CircumOp *, const expr::OpCall *, const expr::Call *, const expr::Closure *, const expr::Block *, const expr::Prefix *, const expr::Infix *, const expr::Suffix *, const expr::Exfix *, const expr::Operator *>, std::shared_ptr<Elements>, ListValue>>>, void>' requested here
  793 |         return NameSpace{std::make_shared<Dict>(std::move(members))};
      |                               ^
/Applications/Xcode.app/Contents/Developer/Platforms/MacOSX.platform/Developer/SDKs/MacOSX.sdk/usr/include/c++/v1/__memory/construct_at.h:47:46: note: candidate template ignored: substitution failure [with _Tp = Dict, _Args = <std::vector<std::pair<expr::Name, std::variant<long, double, bool, std::string, expr::Closure, ClassValue, expr::Union, NameSpace, std::pair<ClassValue, std::shared_ptr<Dict>>, std::variant<const expr::Num *, const expr::Bool *, const expr::String *, const expr::Name *, const expr::List *, const expr::Map *, const expr::Expansion *, const expr::UnaryFold *, const expr::SeparatedUnaryFold *, const expr::BinaryFold *, const expr::Assignment *, const expr::Class *, const expr::Union *, const expr::Match *, const expr::Loop *, const expr::Break *, const expr::Continue *, const expr::Access *, const expr::Namespace *, const expr::Use *, const expr::SpaceAccess *, const expr::Grouping *, const expr::UnaryOp *, const expr::BinOp *, const expr::PostOp *, const expr::CircumOp *, const expr::OpCall *, const expr::Call *, const expr::Closure *, const expr::Block *, const expr::Prefix *, const expr::Infix *, const expr::Suffix *, const expr::Exfix *, const expr::Operator *>, std::shared_ptr<Elements>, ListValue>>>>]: no viable conversion from 'vector<std::pair<expr::Name, std::variant<long, double, bool, std::string, expr::Closure, ClassValue, expr::Union, NameSpace, std::pair<ClassValue, std::shared_ptr<Dict>>, std::variant<const expr::Num *, const expr::Bool *, const expr::String *, const expr::Name *, const expr::List *, const expr::Map *, const expr::Expansion *, const expr::UnaryFold *, const expr::SeparatedUnaryFold *, const expr::BinaryFold *, const expr::Assignment *, const expr::Class *, const expr::Union *, const expr::Match *, const expr::Loop *, const expr::Break *, const expr::Continue *, const expr::Access *, const expr::Namespace *, const expr::Use *, const expr::SpaceAccess *, const expr::Grouping *, const expr::UnaryOp *, const expr::BinOp *, const expr::PostOp *, const expr::CircumOp *, const expr::OpCall *, const expr::Call *, const expr::Closure *, const expr::Block *, const expr::Prefix *, const expr::Infix *, const expr::Suffix *, const expr::Exfix *, const expr::Operator *>, std::shared_ptr<Elements>, ListValue>>, allocator<std::pair<expr::Name, std::variant<long, double, bool, std::string, expr::Closure, ClassValue, expr::Union, NameSpace, std::pair<ClassValue, std::shared_ptr<Dict>>, std::variant<const expr::Num *, const expr::Bool *, const expr::String *, const expr::Name *, const expr::List *, const expr::Map *, const expr::Expansion *, const expr::UnaryFold *, const expr::SeparatedUnaryFold *, const expr::BinaryFold *, const expr::Assignment *, const expr::Class *, const expr::Union *, const expr::Match *, const expr::Loop *, const expr::Break *, const expr::Continue *, const expr::Access *, const expr::Namespace *, const expr::Use *, const expr::SpaceAccess *, const expr::Grouping *, const expr::UnaryOp *, const expr::BinOp *, const expr::PostOp *, const expr::CircumOp *, const expr::OpCall *, const expr::Call *, const expr::Closure *, const expr::Block *, const expr::Prefix *, const expr::Infix *, const expr::Suffix *, const expr::Exfix *, const expr::Operator *>, std::shared_ptr<Elements>, ListValue>>>>' to 'vector<std::tuple<expr::Name, type::TypePtr, Value>, allocator<std::tuple<expr::Name, std::shared_ptr<type::Type>, std::variant<long, double, bool, std::string, expr::Closure, ClassValue, expr::Union, NameSpace, std::pair<ClassValue, std::shared_ptr<Dict>>, std::variant<const expr::Num *, const expr::Bool *, const expr::String *, const expr::Name *, const expr::List *, const expr::Map *, const expr::Expansion *, const expr::UnaryFold *, const expr::SeparatedUnaryFold *, const expr::BinaryFold *, const expr::Assignment *, const expr::Class *, const expr::Union *, const expr::Match *, const expr::Loop *, const expr::Break *, const expr::Continue *, const expr::Access *, const expr::Namespace *, const expr::Use *, const expr::SpaceAccess *, const expr::Grouping *, const expr::UnaryOp *, const expr::BinOp *, const expr::PostOp *, const expr::CircumOp *, const expr::OpCall *, const expr::Call *, const expr::Closure *, const expr::Block *, const expr::Prefix *, const expr::Infix *, const expr::Suffix *, const expr::Exfix *, const expr::Operator *>, std::shared_ptr<Elements>, ListValue>>>>'
   46 | template <class _Tp, class... _Args, class = decltype(::new(std::declval<void*>()) _Tp(std::declval<_Args>()...))>
      |                                                                                        ~~~
   47 | _LIBCPP_HIDE_FROM_ABI _LIBCPP_CONSTEXPR _Tp* __construct_at(_Tp* __location, _Args&&... __args) {
      |                                              ^
14 errors generated.
make: *** [main] Error 1
